{"E:\\IT курс\\Aston стажировка\\Лаборатория\\ageld\\react\\src\\entities\\user\\user-slice\\index.ts": {"path":"E:\\IT курс\\Aston стажировка\\Лаборатория\\ageld\\react\\src\\entities\\user\\user-slice\\index.ts","statementMap":{"0":{"start":{"line":1,"column":0},"end":{"line":1,"column":47}},"1":{"start":{"line":3,"column":0},"end":{"line":3,"column":51}},"2":{"start":{"line":9,"column":13},"end":{"line":11,"column":2}},"3":{"start":{"line":13,"column":18},"end":{"line":24,"column":2}},"4":{"start":{"line":18,"column":12},"end":{"line":18,"column":51}},"5":{"start":{"line":21,"column":12},"end":{"line":21,"column":52}},"6":{"start":{"line":26,"column":13},"end":{"line":26,"column":47}},"7":{"start":{"line":28,"column":13},"end":{"line":28,"column":45}}},"fnMap":{"0":{"name":"(anonymous_0)","decl":{"start":{"line":17,"column":8},"end":{"line":17,"column":20}},"loc":{"start":{"line":17,"column":26},"end":{"line":19,"column":9}}},"1":{"name":"(anonymous_1)","decl":{"start":{"line":20,"column":8},"end":{"line":20,"column":21}},"loc":{"start":{"line":20,"column":27},"end":{"line":22,"column":9}}}},"branchMap":{},"s":{"0":1,"1":1,"2":1,"3":1,"4":1,"5":1,"6":1,"7":1},"f":{"0":1,"1":1},"b":{}}
,"E:\\IT курс\\Aston стажировка\\Лаборатория\\ageld\\react\\src\\pages\\questions-answers\\ui\\index.tsx": {"path":"E:\\IT курс\\Aston стажировка\\Лаборатория\\ageld\\react\\src\\pages\\questions-answers\\ui\\index.tsx","statementMap":{"0":{"start":{"line":1,"column":0},"end":{"line":1,"column":33}},"1":{"start":{"line":2,"column":0},"end":{"line":2,"column":47}},"2":{"start":{"line":3,"column":0},"end":{"line":3,"column":58}},"3":{"start":{"line":4,"column":0},"end":{"line":4,"column":47}},"4":{"start":{"line":6,"column":0},"end":{"line":6,"column":55}},"5":{"start":{"line":7,"column":0},"end":{"line":7,"column":43}},"6":{"start":{"line":8,"column":0},"end":{"line":8,"column":47}},"7":{"start":{"line":9,"column":0},"end":{"line":9,"column":49}},"8":{"start":{"line":10,"column":0},"end":{"line":10,"column":51}},"9":{"start":{"line":12,"column":0},"end":{"line":12,"column":22}},"10":{"start":{"line":14,"column":37},"end":{"line":90,"column":1}},"11":{"start":{"line":15,"column":18},"end":{"line":15,"column":34}},"12":{"start":{"line":16,"column":21},"end":{"line":16,"column":34}},"13":{"start":{"line":17,"column":42},"end":{"line":17,"column":78}},"14":{"start":{"line":19,"column":30},"end":{"line":21,"column":5}},"15":{"start":{"line":20,"column":8},"end":{"line":20,"column":29}},"16":{"start":{"line":23,"column":30},"end":{"line":87,"column":5}},"17":{"start":{"line":24,"column":8},"end":{"line":86,"column":10}},"18":{"start":{"line":35,"column":39},"end":{"line":35,"column":76}},"19":{"start":{"line":41,"column":39},"end":{"line":41,"column":70}},"20":{"start":{"line":47,"column":39},"end":{"line":47,"column":72}},"21":{"start":{"line":53,"column":39},"end":{"line":53,"column":73}},"22":{"start":{"line":59,"column":39},"end":{"line":59,"column":74}},"23":{"start":{"line":80,"column":39},"end":{"line":80,"column":60}},"24":{"start":{"line":89,"column":4},"end":{"line":89,"column":38}},"25":{"start":{"line":14,"column":13},"end":{"line":14,"column":37}}},"fnMap":{"0":{"name":"(anonymous_0)","decl":{"start":{"line":14,"column":37},"end":{"line":14,"column":40}},"loc":{"start":{"line":14,"column":42},"end":{"line":90,"column":1}}},"1":{"name":"(anonymous_1)","decl":{"start":{"line":19,"column":30},"end":{"line":19,"column":31}},"loc":{"start":{"line":19,"column":47},"end":{"line":21,"column":5}}},"2":{"name":"(anonymous_2)","decl":{"start":{"line":23,"column":30},"end":{"line":23,"column":33}},"loc":{"start":{"line":23,"column":35},"end":{"line":87,"column":5}}},"3":{"name":"(anonymous_3)","decl":{"start":{"line":35,"column":33},"end":{"line":35,"column":36}},"loc":{"start":{"line":35,"column":39},"end":{"line":35,"column":76}}},"4":{"name":"(anonymous_4)","decl":{"start":{"line":41,"column":33},"end":{"line":41,"column":36}},"loc":{"start":{"line":41,"column":39},"end":{"line":41,"column":70}}},"5":{"name":"(anonymous_5)","decl":{"start":{"line":47,"column":33},"end":{"line":47,"column":36}},"loc":{"start":{"line":47,"column":39},"end":{"line":47,"column":72}}},"6":{"name":"(anonymous_6)","decl":{"start":{"line":53,"column":33},"end":{"line":53,"column":36}},"loc":{"start":{"line":53,"column":39},"end":{"line":53,"column":73}}},"7":{"name":"(anonymous_7)","decl":{"start":{"line":59,"column":33},"end":{"line":59,"column":36}},"loc":{"start":{"line":59,"column":39},"end":{"line":59,"column":74}}},"8":{"name":"(anonymous_8)","decl":{"start":{"line":80,"column":33},"end":{"line":80,"column":36}},"loc":{"start":{"line":80,"column":39},"end":{"line":80,"column":60}}}},"branchMap":{"0":{"loc":{"start":{"line":34,"column":68},"end":{"line":34,"column":118}},"type":"cond-expr","locations":[{"start":{"line":34,"column":105},"end":{"line":34,"column":113}},{"start":{"line":34,"column":116},"end":{"line":34,"column":118}}]},"1":{"loc":{"start":{"line":40,"column":68},"end":{"line":40,"column":112}},"type":"cond-expr","locations":[{"start":{"line":40,"column":99},"end":{"line":40,"column":107}},{"start":{"line":40,"column":110},"end":{"line":40,"column":112}}]},"2":{"loc":{"start":{"line":46,"column":68},"end":{"line":46,"column":114}},"type":"cond-expr","locations":[{"start":{"line":46,"column":101},"end":{"line":46,"column":109}},{"start":{"line":46,"column":112},"end":{"line":46,"column":114}}]},"3":{"loc":{"start":{"line":52,"column":68},"end":{"line":52,"column":115}},"type":"cond-expr","locations":[{"start":{"line":52,"column":102},"end":{"line":52,"column":110}},{"start":{"line":52,"column":113},"end":{"line":52,"column":115}}]},"4":{"loc":{"start":{"line":58,"column":68},"end":{"line":58,"column":116}},"type":"cond-expr","locations":[{"start":{"line":58,"column":103},"end":{"line":58,"column":111}},{"start":{"line":58,"column":114},"end":{"line":58,"column":116}}]},"5":{"loc":{"start":{"line":65,"column":21},"end":{"line":65,"column":79}},"type":"binary-expr","locations":[{"start":{"line":65,"column":21},"end":{"line":65,"column":55}},{"start":{"line":65,"column":59},"end":{"line":65,"column":79}}]},"6":{"loc":{"start":{"line":66,"column":21},"end":{"line":66,"column":67}},"type":"binary-expr","locations":[{"start":{"line":66,"column":21},"end":{"line":66,"column":49}},{"start":{"line":66,"column":53},"end":{"line":66,"column":67}}]},"7":{"loc":{"start":{"line":67,"column":21},"end":{"line":67,"column":71}},"type":"binary-expr","locations":[{"start":{"line":67,"column":21},"end":{"line":67,"column":51}},{"start":{"line":67,"column":55},"end":{"line":67,"column":71}}]},"8":{"loc":{"start":{"line":68,"column":21},"end":{"line":68,"column":73}},"type":"binary-expr","locations":[{"start":{"line":68,"column":21},"end":{"line":68,"column":52}},{"start":{"line":68,"column":56},"end":{"line":68,"column":73}}]},"9":{"loc":{"start":{"line":69,"column":21},"end":{"line":69,"column":75}},"type":"binary-expr","locations":[{"start":{"line":69,"column":21},"end":{"line":69,"column":53}},{"start":{"line":69,"column":57},"end":{"line":69,"column":75}}]}},"s":{"0":1,"1":1,"2":1,"3":1,"4":1,"5":1,"6":1,"7":1,"8":1,"9":1,"10":1,"11":5,"12":5,"13":5,"14":5,"15":2,"16":5,"17":5,"18":1,"19":0,"20":1,"21":0,"22":0,"23":1,"24":5,"25":1},"f":{"0":5,"1":2,"2":5,"3":1,"4":0,"5":1,"6":0,"7":0,"8":1},"b":{"0":[4,1],"1":[0,5],"2":[1,4],"3":[0,5],"4":[0,5],"5":[5,4],"6":[5,0],"7":[5,1],"8":[5,0],"9":[5,0]}}
,"E:\\IT курс\\Aston стажировка\\Лаборатория\\ageld\\react\\src\\shared\\lib\\format-date.ts": {"path":"E:\\IT курс\\Aston стажировка\\Лаборатория\\ageld\\react\\src\\shared\\lib\\format-date.ts","statementMap":{"0":{"start":{"line":1,"column":26},"end":{"line":5,"column":1}},"1":{"start":{"line":2,"column":4},"end":{"line":2,"column":28}},"2":{"start":{"line":3,"column":31},"end":{"line":3,"column":45}},"3":{"start":{"line":4,"column":4},"end":{"line":4,"column":37}},"4":{"start":{"line":1,"column":13},"end":{"line":1,"column":26}},"5":{"start":{"line":7,"column":23},"end":{"line":17,"column":1}},"6":{"start":{"line":8,"column":4},"end":{"line":8,"column":32}},"7":{"start":{"line":9,"column":4},"end":{"line":9,"column":28}},"8":{"start":{"line":11,"column":8},"end":{"line":15,"column":10}},"9":{"start":{"line":16,"column":4},"end":{"line":16,"column":31}},"10":{"start":{"line":7,"column":13},"end":{"line":7,"column":23}},"11":{"start":{"line":19,"column":36},"end":{"line":22,"column":1}},"12":{"start":{"line":20,"column":26},"end":{"line":20,"column":40}},"13":{"start":{"line":21,"column":4},"end":{"line":21,"column":46}},"14":{"start":{"line":19,"column":13},"end":{"line":19,"column":36}},"15":{"start":{"line":24,"column":34},"end":{"line":30,"column":1}},"16":{"start":{"line":25,"column":4},"end":{"line":29,"column":5}},"17":{"start":{"line":26,"column":8},"end":{"line":26,"column":24}},"18":{"start":{"line":28,"column":8},"end":{"line":28,"column":25}},"19":{"start":{"line":24,"column":13},"end":{"line":24,"column":34}},"20":{"start":{"line":32,"column":26},"end":{"line":45,"column":1}},"21":{"start":{"line":33,"column":22},"end":{"line":33,"column":30}},"22":{"start":{"line":34,"column":26},"end":{"line":34,"column":35}},"23":{"start":{"line":35,"column":4},"end":{"line":37,"column":5}},"24":{"start":{"line":36,"column":8},"end":{"line":36,"column":25}},"25":{"start":{"line":38,"column":4},"end":{"line":44,"column":5}},"26":{"start":{"line":39,"column":8},"end":{"line":39,"column":23}},"27":{"start":{"line":40,"column":11},"end":{"line":44,"column":5}},"28":{"start":{"line":41,"column":8},"end":{"line":41,"column":24}},"29":{"start":{"line":43,"column":8},"end":{"line":43,"column":25}},"30":{"start":{"line":32,"column":13},"end":{"line":32,"column":26}},"31":{"start":{"line":47,"column":26},"end":{"line":53,"column":1}},"32":{"start":{"line":48,"column":4},"end":{"line":52,"column":5}},"33":{"start":{"line":49,"column":8},"end":{"line":49,"column":23}},"34":{"start":{"line":51,"column":8},"end":{"line":51,"column":24}},"35":{"start":{"line":47,"column":13},"end":{"line":47,"column":26}}},"fnMap":{"0":{"name":"(anonymous_0)","decl":{"start":{"line":1,"column":26},"end":{"line":1,"column":27}},"loc":{"start":{"line":1,"column":50},"end":{"line":5,"column":1}}},"1":{"name":"(anonymous_1)","decl":{"start":{"line":7,"column":23},"end":{"line":7,"column":24}},"loc":{"start":{"line":7,"column":62},"end":{"line":17,"column":1}}},"2":{"name":"(anonymous_2)","decl":{"start":{"line":19,"column":36},"end":{"line":19,"column":37}},"loc":{"start":{"line":19,"column":60},"end":{"line":22,"column":1}}},"3":{"name":"(anonymous_3)","decl":{"start":{"line":24,"column":34},"end":{"line":24,"column":35}},"loc":{"start":{"line":24,"column":58},"end":{"line":30,"column":1}}},"4":{"name":"(anonymous_4)","decl":{"start":{"line":32,"column":26},"end":{"line":32,"column":27}},"loc":{"start":{"line":32,"column":50},"end":{"line":45,"column":1}}},"5":{"name":"(anonymous_5)","decl":{"start":{"line":47,"column":26},"end":{"line":47,"column":27}},"loc":{"start":{"line":47,"column":50},"end":{"line":53,"column":1}}}},"branchMap":{"0":{"loc":{"start":{"line":16,"column":11},"end":{"line":16,"column":30}},"type":"cond-expr","locations":[{"start":{"line":16,"column":20},"end":{"line":16,"column":26}},{"start":{"line":16,"column":29},"end":{"line":16,"column":30}}]},"1":{"loc":{"start":{"line":25,"column":4},"end":{"line":29,"column":5}},"type":"if","locations":[{"start":{"line":25,"column":4},"end":{"line":29,"column":5}},{"start":{"line":27,"column":11},"end":{"line":29,"column":5}}]},"2":{"loc":{"start":{"line":25,"column":8},"end":{"line":25,"column":36}},"type":"binary-expr","locations":[{"start":{"line":25,"column":8},"end":{"line":25,"column":22}},{"start":{"line":25,"column":26},"end":{"line":25,"column":36}}]},"3":{"loc":{"start":{"line":35,"column":4},"end":{"line":37,"column":5}},"type":"if","locations":[{"start":{"line":35,"column":4},"end":{"line":37,"column":5}}]},"4":{"loc":{"start":{"line":35,"column":8},"end":{"line":35,"column":50}},"type":"binary-expr","locations":[{"start":{"line":35,"column":8},"end":{"line":35,"column":27}},{"start":{"line":35,"column":31},"end":{"line":35,"column":50}}]},"5":{"loc":{"start":{"line":38,"column":4},"end":{"line":44,"column":5}},"type":"if","locations":[{"start":{"line":38,"column":4},"end":{"line":44,"column":5}},{"start":{"line":40,"column":11},"end":{"line":44,"column":5}}]},"6":{"loc":{"start":{"line":40,"column":11},"end":{"line":44,"column":5}},"type":"if","locations":[{"start":{"line":40,"column":11},"end":{"line":44,"column":5}},{"start":{"line":42,"column":11},"end":{"line":44,"column":5}}]},"7":{"loc":{"start":{"line":40,"column":15},"end":{"line":40,"column":47}},"type":"binary-expr","locations":[{"start":{"line":40,"column":15},"end":{"line":40,"column":29}},{"start":{"line":40,"column":33},"end":{"line":40,"column":47}}]},"8":{"loc":{"start":{"line":48,"column":4},"end":{"line":52,"column":5}},"type":"if","locations":[{"start":{"line":48,"column":4},"end":{"line":52,"column":5}},{"start":{"line":50,"column":11},"end":{"line":52,"column":5}}]}},"s":{"0":1,"1":1,"2":1,"3":1,"4":1,"5":1,"6":0,"7":0,"8":0,"9":0,"10":1,"11":1,"12":3,"13":3,"14":1,"15":1,"16":0,"17":0,"18":0,"19":1,"20":1,"21":0,"22":0,"23":0,"24":0,"25":0,"26":0,"27":0,"28":0,"29":0,"30":1,"31":1,"32":0,"33":0,"34":0,"35":1},"f":{"0":1,"1":0,"2":3,"3":0,"4":0,"5":0},"b":{"0":[0,0],"1":[0,0],"2":[0,0],"3":[0],"4":[0,0],"5":[0,0],"6":[0,0],"7":[0,0],"8":[0,0]}}
,"E:\\IT курс\\Aston стажировка\\Лаборатория\\ageld\\react\\src\\shared\\lib\\get-error-message.ts": {"path":"E:\\IT курс\\Aston стажировка\\Лаборатория\\ageld\\react\\src\\shared\\lib\\get-error-message.ts","statementMap":{"0":{"start":{"line":5,"column":31},"end":{"line":12,"column":6}},"1":{"start":{"line":8,"column":4},"end":{"line":12,"column":6}},"2":{"start":{"line":5,"column":13},"end":{"line":5,"column":31}},"3":{"start":{"line":14,"column":41},"end":{"line":17,"column":74}},"4":{"start":{"line":17,"column":4},"end":{"line":17,"column":74}},"5":{"start":{"line":14,"column":13},"end":{"line":14,"column":41}},"6":{"start":{"line":19,"column":36},"end":{"line":26,"column":59}},"7":{"start":{"line":26,"column":13},"end":{"line":26,"column":59}},"8":{"start":{"line":19,"column":13},"end":{"line":19,"column":36}}},"fnMap":{"0":{"name":"(anonymous_0)","decl":{"start":{"line":5,"column":31},"end":{"line":5,"column":null}},"loc":{"start":{"line":8,"column":4},"end":{"line":12,"column":6}}},"1":{"name":"(anonymous_1)","decl":{"start":{"line":14,"column":41},"end":{"line":14,"column":null}},"loc":{"start":{"line":17,"column":4},"end":{"line":17,"column":74}}},"2":{"name":"(anonymous_2)","decl":{"start":{"line":19,"column":36},"end":{"line":19,"column":null}},"loc":{"start":{"line":26,"column":13},"end":{"line":26,"column":59}}}},"branchMap":{"0":{"loc":{"start":{"line":8,"column":4},"end":{"line":12,"column":6}},"type":"binary-expr","locations":[{"start":{"line":8,"column":5},"end":{"line":8,"column":10}},{"start":{"line":9,"column":8},"end":{"line":9,"column":23}},{"start":{"line":10,"column":10},"end":{"line":10,"column":39}},{"start":{"line":10,"column":43},"end":{"line":10,"column":53}},{"start":{"line":11,"column":12},"end":{"line":11,"column":30}},{"start":{"line":12,"column":4},"end":{"line":12,"column":6}}]},"1":{"loc":{"start":{"line":17,"column":7},"end":{"line":17,"column":73}},"type":"binary-expr","locations":[{"start":{"line":17,"column":7},"end":{"line":17,"column":12}},{"start":{"line":17,"column":16},"end":{"line":17,"column":41}},{"start":{"line":17,"column":45},"end":{"line":17,"column":73}}]},"2":{"loc":{"start":{"line":26,"column":13},"end":{"line":26,"column":59}},"type":"binary-expr","locations":[{"start":{"line":26,"column":14},"end":{"line":26,"column":41}},{"start":{"line":26,"column":45},"end":{"line":26,"column":52}},{"start":{"line":26,"column":57},"end":{"line":26,"column":59}}]}},"s":{"0":1,"1":4,"2":1,"3":1,"4":0,"5":1,"6":1,"7":3,"8":1},"f":{"0":4,"1":0,"2":3},"b":{"0":[4,3,2,1,1,2],"1":[0,0,0],"2":[3,1,2]}}
,"E:\\IT курс\\Aston стажировка\\Лаборатория\\ageld\\react\\src\\shared\\lib\\type-guards.ts": {"path":"E:\\IT курс\\Aston стажировка\\Лаборатория\\ageld\\react\\src\\shared\\lib\\type-guards.ts","statementMap":{"0":{"start":{"line":2,"column":4},"end":{"line":2,"column":74}},"1":{"start":{"line":1,"column":0},"end":{"line":1,"column":16}}},"fnMap":{"0":{"name":"isObj","decl":{"start":{"line":1,"column":16},"end":{"line":1,"column":21}},"loc":{"start":{"line":1,"column":34},"end":{"line":3,"column":1}}}},"branchMap":{"0":{"loc":{"start":{"line":2,"column":11},"end":{"line":2,"column":73}},"type":"binary-expr","locations":[{"start":{"line":2,"column":11},"end":{"line":2,"column":34}},{"start":{"line":2,"column":38},"end":{"line":2,"column":57}},{"start":{"line":2,"column":61},"end":{"line":2,"column":73}}]}},"s":{"0":17,"1":1},"f":{"0":17},"b":{"0":[17,7,5]}}
,"E:\\IT курс\\Aston стажировка\\Лаборатория\\ageld\\react\\src\\shared\\model\\user.ts": {"path":"E:\\IT курс\\Aston стажировка\\Лаборатория\\ageld\\react\\src\\shared\\model\\user.ts","statementMap":{"0":{"start":{"line":13,"column":0},"end":{"line":13,"column":null}},"1":{"start":{"line":14,"column":4},"end":{"line":14,"column":null}},"2":{"start":{"line":15,"column":4},"end":{"line":15,"column":null}},"3":{"start":{"line":16,"column":4},"end":{"line":16,"column":null}}},"fnMap":{"0":{"name":"(anonymous_0)","decl":{"start":{"line":13,"column":0},"end":{"line":13,"column":12}},"loc":{"start":{"line":13,"column":22},"end":{"line":17,"column":1}}}},"branchMap":{"0":{"loc":{"start":{"line":13,"column":12},"end":{"line":13,"column":null}},"type":"binary-expr","locations":[{"start":{"line":13,"column":12},"end":{"line":13,"column":22}},{"start":{"line":13,"column":22},"end":{"line":13,"column":null}}]}},"s":{"0":1,"1":1,"2":1,"3":1},"f":{"0":1},"b":{"0":[1,1]}}
,"E:\\IT курс\\Aston стажировка\\Лаборатория\\ageld\\react\\src\\shared\\ui\\index.ts": {"path":"E:\\IT курс\\Aston стажировка\\Лаборатория\\ageld\\react\\src\\shared\\ui\\index.ts","statementMap":{"0":{"start":{"line":1,"column":0},"end":{"line":1,"column":23}},"1":{"start":{"line":2,"column":0},"end":{"line":2,"column":25}},"2":{"start":{"line":3,"column":0},"end":{"line":3,"column":24}},"3":{"start":{"line":4,"column":0},"end":{"line":4,"column":29}},"4":{"start":{"line":5,"column":0},"end":{"line":5,"column":23}},"5":{"start":{"line":6,"column":0},"end":{"line":6,"column":23}},"6":{"start":{"line":7,"column":0},"end":{"line":7,"column":23}},"7":{"start":{"line":8,"column":0},"end":{"line":8,"column":28}},"8":{"start":{"line":9,"column":0},"end":{"line":9,"column":27}},"9":{"start":{"line":10,"column":0},"end":{"line":10,"column":24}},"10":{"start":{"line":11,"column":0},"end":{"line":11,"column":28}},"11":{"start":{"line":12,"column":0},"end":{"line":12,"column":23}},"12":{"start":{"line":13,"column":0},"end":{"line":13,"column":26}},"13":{"start":{"line":14,"column":0},"end":{"line":14,"column":29}},"14":{"start":{"line":15,"column":0},"end":{"line":15,"column":31}},"15":{"start":{"line":16,"column":0},"end":{"line":16,"column":27}},"16":{"start":{"line":17,"column":0},"end":{"line":17,"column":27}},"17":{"start":{"line":18,"column":0},"end":{"line":18,"column":26}},"18":{"start":{"line":19,"column":0},"end":{"line":19,"column":25}},"19":{"start":{"line":20,"column":0},"end":{"line":20,"column":30}},"20":{"start":{"line":21,"column":0},"end":{"line":21,"column":24}}},"fnMap":{},"branchMap":{},"s":{"0":2,"1":2,"2":2,"3":2,"4":2,"5":2,"6":2,"7":2,"8":2,"9":2,"10":2,"11":2,"12":2,"13":2,"14":2,"15":2,"16":2,"17":2,"18":2,"19":2,"20":2},"f":{},"b":{}}
,"E:\\IT курс\\Aston стажировка\\Лаборатория\\ageld\\react\\src\\shared\\ui\\answerAndQuestion\\ui.tsx": {"path":"E:\\IT курс\\Aston стажировка\\Лаборатория\\ageld\\react\\src\\shared\\ui\\answerAndQuestion\\ui.tsx","statementMap":{"0":{"start":{"line":1,"column":0},"end":{"line":1,"column":40}},"1":{"start":{"line":3,"column":0},"end":{"line":3,"column":31}},"2":{"start":{"line":4,"column":0},"end":{"line":4,"column":22}},"3":{"start":{"line":11,"column":50},"end":{"line":36,"column":1}},"4":{"start":{"line":12,"column":32},"end":{"line":12,"column":47}},"5":{"start":{"line":14,"column":25},"end":{"line":16,"column":5}},"6":{"start":{"line":15,"column":8},"end":{"line":15,"column":43}},"7":{"start":{"line":15,"column":31},"end":{"line":15,"column":41}},"8":{"start":{"line":18,"column":4},"end":{"line":35,"column":6}},"9":{"start":{"line":11,"column":13},"end":{"line":11,"column":50}}},"fnMap":{"0":{"name":"(anonymous_0)","decl":{"start":{"line":11,"column":50},"end":{"line":11,"column":51}},"loc":{"start":{"line":11,"column":75},"end":{"line":36,"column":1}}},"1":{"name":"(anonymous_1)","decl":{"start":{"line":14,"column":25},"end":{"line":14,"column":28}},"loc":{"start":{"line":14,"column":30},"end":{"line":16,"column":5}}},"2":{"name":"(anonymous_2)","decl":{"start":{"line":15,"column":18},"end":{"line":15,"column":27}},"loc":{"start":{"line":15,"column":31},"end":{"line":15,"column":41}}}},"branchMap":{"0":{"loc":{"start":{"line":25,"column":30},"end":{"line":25,"column":64}},"type":"cond-expr","locations":[{"start":{"line":25,"column":39},"end":{"line":25,"column":49}},{"start":{"line":25,"column":52},"end":{"line":25,"column":64}}]},"1":{"loc":{"start":{"line":29,"column":13},"end":{"line":32,"column":null}},"type":"binary-expr","locations":[{"start":{"line":29,"column":13},"end":{"line":29,"column":19}},{"start":{"line":30,"column":16},"end":{"line":31,"column":null}}]}},"s":{"0":1,"1":1,"2":1,"3":1,"4":7,"5":7,"6":3,"7":3,"8":7,"9":1},"f":{"0":7,"1":3,"2":3},"b":{"0":[2,5],"1":[7,2]}}
,"E:\\IT курс\\Aston стажировка\\Лаборатория\\ageld\\react\\src\\shared\\ui\\aside-menu\\index.ts": {"path":"E:\\IT курс\\Aston стажировка\\Лаборатория\\ageld\\react\\src\\shared\\ui\\aside-menu\\index.ts","statementMap":{"0":{"start":{"line":1,"column":0},"end":{"line":1,"column":9}},"1":{"start":{"line":1,"column":9},"end":{"line":1,"column":33}}},"fnMap":{"0":{"name":"(anonymous_0)","decl":{"start":{"line":1,"column":9},"end":{"line":1,"column":18}},"loc":{"start":{"line":1,"column":9},"end":{"line":1,"column":33}}}},"branchMap":{},"s":{"0":2,"1":2},"f":{"0":0},"b":{}}
,"E:\\IT курс\\Aston стажировка\\Лаборатория\\ageld\\react\\src\\shared\\ui\\aside-menu\\ui.tsx": {"path":"E:\\IT курс\\Aston стажировка\\Лаборатория\\ageld\\react\\src\\shared\\ui\\aside-menu\\ui.tsx","statementMap":{"0":{"start":{"line":1,"column":0},"end":{"line":1,"column":28}},"1":{"start":{"line":5,"column":0},"end":{"line":5,"column":23}},"2":{"start":{"line":12,"column":25},"end":{"line":24,"column":1}},"3":{"start":{"line":13,"column":23},"end":{"line":15,"column":6}},"4":{"start":{"line":16,"column":4},"end":{"line":23,"column":6}},"5":{"start":{"line":12,"column":13},"end":{"line":12,"column":25}}},"fnMap":{"0":{"name":"(anonymous_0)","decl":{"start":{"line":12,"column":25},"end":{"line":12,"column":26}},"loc":{"start":{"line":12,"column":58},"end":{"line":24,"column":1}}}},"branchMap":{"0":{"loc":{"start":{"line":18,"column":13},"end":{"line":18,"column":51}},"type":"binary-expr","locations":[{"start":{"line":18,"column":13},"end":{"line":18,"column":20}},{"start":{"line":18,"column":24},"end":{"line":18,"column":51}}]}},"s":{"0":3,"1":3,"2":3,"3":2,"4":2,"5":3},"f":{"0":2},"b":{"0":[2,2]}}
,"E:\\IT курс\\Aston стажировка\\Лаборатория\\ageld\\react\\src\\shared\\ui\\button\\index.ts": {"path":"E:\\IT курс\\Aston стажировка\\Лаборатория\\ageld\\react\\src\\shared\\ui\\button\\index.ts","statementMap":{"0":{"start":{"line":1,"column":0},"end":{"line":1,"column":9}},"1":{"start":{"line":1,"column":9},"end":{"line":1,"column":30}}},"fnMap":{"0":{"name":"(anonymous_0)","decl":{"start":{"line":1,"column":9},"end":{"line":1,"column":15}},"loc":{"start":{"line":1,"column":9},"end":{"line":1,"column":30}}}},"branchMap":{},"s":{"0":2,"1":2},"f":{"0":0},"b":{}}
,"E:\\IT курс\\Aston стажировка\\Лаборатория\\ageld\\react\\src\\shared\\ui\\button\\ui.tsx": {"path":"E:\\IT курс\\Aston стажировка\\Лаборатория\\ageld\\react\\src\\shared\\ui\\button\\ui.tsx","statementMap":{"0":{"start":{"line":1,"column":0},"end":{"line":1,"column":29}},"1":{"start":{"line":3,"column":0},"end":{"line":3,"column":28}},"2":{"start":{"line":7,"column":0},"end":{"line":7,"column":23}},"3":{"start":{"line":18,"column":13},"end":{"line":43,"column":2}},"4":{"start":{"line":25,"column":16},"end":{"line":25,"column":null}},"5":{"start":{"line":26,"column":16},"end":{"line":27,"column":12}},"6":{"start":{"line":28,"column":28},"end":{"line":31,"column":10}},"7":{"start":{"line":32,"column":8},"end":{"line":41,"column":10}}},"fnMap":{"0":{"name":"(anonymous_1)","decl":{"start":{"line":19,"column":4},"end":{"line":19,"column":5}},"loc":{"start":{"line":27,"column":16},"end":{"line":42,"column":5}}}},"branchMap":{"0":{"loc":{"start":{"line":21,"column":8},"end":{"line":21,"column":23}},"type":"default-arg","locations":[{"start":{"line":21,"column":15},"end":{"line":21,"column":23}}]},"1":{"loc":{"start":{"line":22,"column":8},"end":{"line":22,"column":24}},"type":"default-arg","locations":[{"start":{"line":22,"column":19},"end":{"line":22,"column":24}}]},"2":{"loc":{"start":{"line":23,"column":8},"end":{"line":23,"column":27}},"type":"default-arg","locations":[{"start":{"line":23,"column":18},"end":{"line":23,"column":27}}]},"3":{"loc":{"start":{"line":24,"column":8},"end":{"line":24,"column":22}},"type":"default-arg","locations":[{"start":{"line":24,"column":16},"end":{"line":24,"column":22}}]},"4":{"loc":{"start":{"line":34,"column":22},"end":{"line":34,"column":38}},"type":"binary-expr","locations":[{"start":{"line":34,"column":22},"end":{"line":34,"column":26}},{"start":{"line":34,"column":30},"end":{"line":34,"column":38}}]}},"s":{"0":3,"1":3,"2":3,"3":3,"4":5,"5":5,"6":5,"7":5},"f":{"0":5},"b":{"0":[5],"1":[4],"2":[4],"3":[5],"4":[5,5]}}
,"E:\\IT курс\\Aston стажировка\\Лаборатория\\ageld\\react\\src\\shared\\ui\\card\\index.ts": {"path":"E:\\IT курс\\Aston стажировка\\Лаборатория\\ageld\\react\\src\\shared\\ui\\card\\index.ts","statementMap":{"0":{"start":{"line":1,"column":0},"end":{"line":1,"column":9}},"1":{"start":{"line":1,"column":9},"end":{"line":1,"column":28}}},"fnMap":{"0":{"name":"(anonymous_0)","decl":{"start":{"line":1,"column":9},"end":{"line":1,"column":13}},"loc":{"start":{"line":1,"column":9},"end":{"line":1,"column":28}}}},"branchMap":{},"s":{"0":2,"1":2},"f":{"0":0},"b":{}}
,"E:\\IT курс\\Aston стажировка\\Лаборатория\\ageld\\react\\src\\shared\\ui\\card\\ui.tsx": {"path":"E:\\IT курс\\Aston стажировка\\Лаборатория\\ageld\\react\\src\\shared\\ui\\card\\ui.tsx","statementMap":{"0":{"start":{"line":1,"column":0},"end":{"line":1,"column":28}},"1":{"start":{"line":5,"column":0},"end":{"line":5,"column":23}},"2":{"start":{"line":18,"column":20},"end":{"line":39,"column":1}},"3":{"start":{"line":28,"column":22},"end":{"line":36,"column":null}},"4":{"start":{"line":38,"column":4},"end":{"line":38,"column":55}},"5":{"start":{"line":18,"column":13},"end":{"line":18,"column":20}}},"fnMap":{"0":{"name":"(anonymous_0)","decl":{"start":{"line":18,"column":20},"end":{"line":18,"column":21}},"loc":{"start":{"line":27,"column":12},"end":{"line":39,"column":1}}}},"branchMap":{"0":{"loc":{"start":{"line":20,"column":4},"end":{"line":20,"column":21}},"type":"default-arg","locations":[{"start":{"line":20,"column":12},"end":{"line":20,"column":21}}]},"1":{"loc":{"start":{"line":21,"column":4},"end":{"line":21,"column":17}},"type":"default-arg","locations":[{"start":{"line":21,"column":10},"end":{"line":21,"column":17}}]},"2":{"loc":{"start":{"line":22,"column":4},"end":{"line":22,"column":27}},"type":"default-arg","locations":[{"start":{"line":22,"column":19},"end":{"line":22,"column":27}}]},"3":{"loc":{"start":{"line":23,"column":4},"end":{"line":23,"column":21}},"type":"default-arg","locations":[{"start":{"line":23,"column":14},"end":{"line":23,"column":21}}]}},"s":{"0":3,"1":3,"2":3,"3":2,"4":2,"5":3},"f":{"0":2},"b":{"0":[2],"1":[2],"2":[2],"3":[2]}}
,"E:\\IT курс\\Aston стажировка\\Лаборатория\\ageld\\react\\src\\shared\\ui\\carousel\\index.ts": {"path":"E:\\IT курс\\Aston стажировка\\Лаборатория\\ageld\\react\\src\\shared\\ui\\carousel\\index.ts","statementMap":{"0":{"start":{"line":1,"column":0},"end":{"line":1,"column":9}},"1":{"start":{"line":1,"column":9},"end":{"line":1,"column":32}}},"fnMap":{"0":{"name":"(anonymous_0)","decl":{"start":{"line":1,"column":9},"end":{"line":1,"column":17}},"loc":{"start":{"line":1,"column":9},"end":{"line":1,"column":32}}}},"branchMap":{},"s":{"0":2,"1":2},"f":{"0":0},"b":{}}
,"E:\\IT курс\\Aston стажировка\\Лаборатория\\ageld\\react\\src\\shared\\ui\\carousel\\lib.ts": {"path":"E:\\IT курс\\Aston стажировка\\Лаборатория\\ageld\\react\\src\\shared\\ui\\carousel\\lib.ts","statementMap":{"0":{"start":{"line":1,"column":0},"end":{"line":1,"column":52}},"1":{"start":{"line":5,"column":35},"end":{"line":95,"column":1}},"2":{"start":{"line":10,"column":38},"end":{"line":10,"column":49}},"3":{"start":{"line":11,"column":19},"end":{"line":11,"column":28}},"4":{"start":{"line":12,"column":30},"end":{"line":12,"column":47}},"5":{"start":{"line":14,"column":4},"end":{"line":59,"column":7}},"6":{"start":{"line":20,"column":31},"end":{"line":20,"column":53}},"7":{"start":{"line":22,"column":16},"end":{"line":26,"column":25}},"8":{"start":{"line":27,"column":29},"end":{"line":27,"column":50}},"9":{"start":{"line":28,"column":12},"end":{"line":33,"column":13}},"10":{"start":{"line":29,"column":34},"end":{"line":29,"column":64}},"11":{"start":{"line":30,"column":16},"end":{"line":32,"column":17}},"12":{"start":{"line":31,"column":20},"end":{"line":31,"column":53}},"13":{"start":{"line":36,"column":28},"end":{"line":36,"column":50}},"14":{"start":{"line":37,"column":12},"end":{"line":39,"column":13}},"15":{"start":{"line":38,"column":16},"end":{"line":38,"column":23}},"16":{"start":{"line":40,"column":30},"end":{"line":40,"column":40}},"17":{"start":{"line":41,"column":31},"end":{"line":41,"column":40}},"18":{"start":{"line":42,"column":26},"end":{"line":42,"column":60}},"19":{"start":{"line":43,"column":12},"end":{"line":49,"column":13}},"20":{"start":{"line":44,"column":16},"end":{"line":48,"column":18}},"21":{"start":{"line":46,"column":25},"end":{"line":46,"column":63}},"22":{"start":{"line":51,"column":8},"end":{"line":58,"column":9}},"23":{"start":{"line":52,"column":12},"end":{"line":52,"column":77}},"24":{"start":{"line":53,"column":12},"end":{"line":57,"column":18}},"25":{"start":{"line":54,"column":16},"end":{"line":56,"column":null}},"26":{"start":{"line":62,"column":27},"end":{"line":62,"column":36}},"27":{"start":{"line":64,"column":12},"end":{"line":64,"column":70}},"28":{"start":{"line":65,"column":8},"end":{"line":67,"column":9}},"29":{"start":{"line":66,"column":12},"end":{"line":66,"column":76}},"30":{"start":{"line":68,"column":8},"end":{"line":71,"column":48}},"31":{"start":{"line":72,"column":8},"end":{"line":72,"column":33}},"32":{"start":{"line":76,"column":30},"end":{"line":76,"column":48}},"33":{"start":{"line":78,"column":12},"end":{"line":80,"column":51}},"34":{"start":{"line":82,"column":12},"end":{"line":82,"column":76}},"35":{"start":{"line":83,"column":8},"end":{"line":85,"column":9}},"36":{"start":{"line":84,"column":12},"end":{"line":84,"column":76}},"37":{"start":{"line":86,"column":8},"end":{"line":86,"column":35}},"38":{"start":{"line":87,"column":8},"end":{"line":87,"column":33}},"39":{"start":{"line":90,"column":4},"end":{"line":94,"column":6}},"40":{"start":{"line":5,"column":13},"end":{"line":5,"column":35}},"41":{"start":{"line":97,"column":27},"end":{"line":122,"column":1}},"42":{"start":{"line":98,"column":36},"end":{"line":98,"column":55}},"43":{"start":{"line":99,"column":24},"end":{"line":99,"column":36}},"44":{"start":{"line":100,"column":18},"end":{"line":100,"column":30}},"45":{"start":{"line":102,"column":4},"end":{"line":119,"column":17}},"46":{"start":{"line":103,"column":8},"end":{"line":118,"column":9}},"47":{"start":{"line":104,"column":12},"end":{"line":104,"column":40}},"48":{"start":{"line":105,"column":37},"end":{"line":107,"column":37}},"49":{"start":{"line":108,"column":12},"end":{"line":117,"column":13}},"50":{"start":{"line":109,"column":39},"end":{"line":109,"column":67}},"51":{"start":{"line":111,"column":20},"end":{"line":113,"column":21}},"52":{"start":{"line":115,"column":20},"end":{"line":115,"column":70}},"53":{"start":{"line":116,"column":16},"end":{"line":116,"column":36}},"54":{"start":{"line":121,"column":4},"end":{"line":121,"column":31}},"55":{"start":{"line":97,"column":13},"end":{"line":97,"column":27}}},"fnMap":{"0":{"name":"(anonymous_0)","decl":{"start":{"line":5,"column":35},"end":{"line":5,"column":null}},"loc":{"start":{"line":9,"column":4},"end":{"line":95,"column":1}}},"1":{"name":"(anonymous_1)","decl":{"start":{"line":14,"column":14},"end":{"line":14,"column":17}},"loc":{"start":{"line":14,"column":19},"end":{"line":59,"column":5}}},"2":{"name":"onPointerEnd","decl":{"start":{"line":15,"column":17},"end":{"line":15,"column":29}},"loc":{"start":{"line":18,"column":30},"end":{"line":34,"column":9}}},"3":{"name":"onPointermove","decl":{"start":{"line":35,"column":17},"end":{"line":35,"column":30}},"loc":{"start":{"line":35,"column":46},"end":{"line":50,"column":9}}},"4":{"name":"(anonymous_4)","decl":{"start":{"line":46,"column":20},"end":{"line":46,"column":21}},"loc":{"start":{"line":46,"column":25},"end":{"line":46,"column":63}}},"5":{"name":"(anonymous_5)","decl":{"start":{"line":53,"column":19},"end":{"line":53,"column":22}},"loc":{"start":{"line":54,"column":16},"end":{"line":56,"column":null}}},"6":{"name":"changeRotateByControl","decl":{"start":{"line":61,"column":13},"end":{"line":61,"column":34}},"loc":{"start":{"line":61,"column":57},"end":{"line":73,"column":5}}},"7":{"name":"changeRotateByIndicator","decl":{"start":{"line":75,"column":13},"end":{"line":75,"column":36}},"loc":{"start":{"line":75,"column":54},"end":{"line":88,"column":5}}},"8":{"name":"(anonymous_8)","decl":{"start":{"line":97,"column":27},"end":{"line":97,"column":28}},"loc":{"start":{"line":97,"column":46},"end":{"line":122,"column":1}}},"9":{"name":"(anonymous_9)","decl":{"start":{"line":102,"column":14},"end":{"line":102,"column":17}},"loc":{"start":{"line":102,"column":19},"end":{"line":119,"column":5}}}},"branchMap":{"0":{"loc":{"start":{"line":22,"column":16},"end":{"line":26,"column":25}},"type":"cond-expr","locations":[{"start":{"line":23,"column":22},"end":{"line":23,"column":31}},{"start":{"line":24,"column":22},"end":{"line":26,"column":25}}]},"1":{"loc":{"start":{"line":24,"column":22},"end":{"line":26,"column":25}},"type":"cond-expr","locations":[{"start":{"line":25,"column":24},"end":{"line":25,"column":51}},{"start":{"line":26,"column":24},"end":{"line":26,"column":25}}]},"2":{"loc":{"start":{"line":28,"column":12},"end":{"line":33,"column":13}},"type":"if","locations":[{"start":{"line":28,"column":12},"end":{"line":33,"column":13}}]},"3":{"loc":{"start":{"line":29,"column":34},"end":{"line":29,"column":64}},"type":"cond-expr","locations":[{"start":{"line":29,"column":49},"end":{"line":29,"column":55}},{"start":{"line":29,"column":58},"end":{"line":29,"column":64}}]},"4":{"loc":{"start":{"line":30,"column":16},"end":{"line":32,"column":17}},"type":"if","locations":[{"start":{"line":30,"column":16},"end":{"line":32,"column":17}}]},"5":{"loc":{"start":{"line":37,"column":12},"end":{"line":39,"column":13}},"type":"if","locations":[{"start":{"line":37,"column":12},"end":{"line":39,"column":13}}]},"6":{"loc":{"start":{"line":37,"column":16},"end":{"line":37,"column":44}},"type":"binary-expr","locations":[{"start":{"line":37,"column":16},"end":{"line":37,"column":32}},{"start":{"line":37,"column":36},"end":{"line":37,"column":44}}]},"7":{"loc":{"start":{"line":42,"column":26},"end":{"line":42,"column":60}},"type":"cond-expr","locations":[{"start":{"line":42,"column":36},"end":{"line":42,"column":46}},{"start":{"line":42,"column":49},"end":{"line":42,"column":60}}]},"8":{"loc":{"start":{"line":43,"column":12},"end":{"line":49,"column":13}},"type":"if","locations":[{"start":{"line":43,"column":12},"end":{"line":49,"column":13}}]},"9":{"loc":{"start":{"line":51,"column":8},"end":{"line":58,"column":9}},"type":"if","locations":[{"start":{"line":51,"column":8},"end":{"line":58,"column":9}}]},"10":{"loc":{"start":{"line":64,"column":12},"end":{"line":64,"column":70}},"type":"cond-expr","locations":[{"start":{"line":64,"column":31},"end":{"line":64,"column":49}},{"start":{"line":64,"column":52},"end":{"line":64,"column":70}}]},"11":{"loc":{"start":{"line":65,"column":8},"end":{"line":67,"column":9}},"type":"if","locations":[{"start":{"line":65,"column":8},"end":{"line":67,"column":9}}]},"12":{"loc":{"start":{"line":69,"column":13},"end":{"line":71,"column":37}},"type":"cond-expr","locations":[{"start":{"line":70,"column":18},"end":{"line":70,"column":58}},{"start":{"line":71,"column":18},"end":{"line":71,"column":37}}]},"13":{"loc":{"start":{"line":78,"column":12},"end":{"line":80,"column":51}},"type":"cond-expr","locations":[{"start":{"line":79,"column":18},"end":{"line":79,"column":40}},{"start":{"line":80,"column":18},"end":{"line":80,"column":51}}]},"14":{"loc":{"start":{"line":83,"column":8},"end":{"line":85,"column":9}},"type":"if","locations":[{"start":{"line":83,"column":8},"end":{"line":85,"column":9}}]},"15":{"loc":{"start":{"line":103,"column":8},"end":{"line":118,"column":9}},"type":"if","locations":[{"start":{"line":103,"column":8},"end":{"line":118,"column":9}}]},"16":{"loc":{"start":{"line":105,"column":37},"end":{"line":107,"column":37}},"type":"binary-expr","locations":[{"start":{"line":105,"column":37},"end":{"line":106,"column":null}},{"start":{"line":107,"column":17},"end":{"line":107,"column":37}}]},"17":{"loc":{"start":{"line":108,"column":12},"end":{"line":117,"column":13}},"type":"if","locations":[{"start":{"line":108,"column":12},"end":{"line":117,"column":13}}]}},"s":{"0":2,"1":2,"2":2,"3":2,"4":2,"5":2,"6":0,"7":0,"8":0,"9":0,"10":0,"11":0,"12":0,"13":0,"14":0,"15":0,"16":0,"17":0,"18":0,"19":0,"20":0,"21":0,"22":2,"23":0,"24":0,"25":0,"26":0,"27":0,"28":0,"29":0,"30":0,"31":0,"32":0,"33":0,"34":0,"35":0,"36":0,"37":0,"38":0,"39":2,"40":2,"41":2,"42":4,"43":4,"44":4,"45":4,"46":3,"47":3,"48":3,"49":3,"50":3,"51":3,"52":3,"53":3,"54":4,"55":2},"f":{"0":2,"1":2,"2":0,"3":0,"4":0,"5":0,"6":0,"7":0,"8":4,"9":3},"b":{"0":[0,0],"1":[0,0],"2":[0],"3":[0,0],"4":[0],"5":[0],"6":[0,0],"7":[0,0],"8":[0],"9":[0],"10":[0,0],"11":[0],"12":[0,0],"13":[0,0],"14":[0],"15":[3],"16":[3,1],"17":[3]}}
,"E:\\IT курс\\Aston стажировка\\Лаборатория\\ageld\\react\\src\\shared\\ui\\carousel\\ui\\index.tsx": {"path":"E:\\IT курс\\Aston стажировка\\Лаборатория\\ageld\\react\\src\\shared\\ui\\carousel\\ui\\index.tsx","statementMap":{"0":{"start":{"line":1,"column":0},"end":{"line":1,"column":31}},"1":{"start":{"line":3,"column":0},"end":{"line":3,"column":37}},"2":{"start":{"line":5,"column":0},"end":{"line":5,"column":55}},"3":{"start":{"line":6,"column":0},"end":{"line":6,"column":40}},"4":{"start":{"line":10,"column":0},"end":{"line":10,"column":24}},"5":{"start":{"line":16,"column":24},"end":{"line":36,"column":1}},"6":{"start":{"line":17,"column":25},"end":{"line":17,"column":53}},"7":{"start":{"line":18,"column":32},"end":{"line":18,"column":57}},"8":{"start":{"line":19,"column":4},"end":{"line":35,"column":6}},"9":{"start":{"line":16,"column":13},"end":{"line":16,"column":24}}},"fnMap":{"0":{"name":"(anonymous_0)","decl":{"start":{"line":16,"column":24},"end":{"line":16,"column":25}},"loc":{"start":{"line":16,"column":45},"end":{"line":36,"column":1}}}},"branchMap":{},"s":{"0":2,"1":2,"2":2,"3":2,"4":2,"5":2,"6":2,"7":2,"8":2,"9":2},"f":{"0":2},"b":{}}
,"E:\\IT курс\\Aston стажировка\\Лаборатория\\ageld\\react\\src\\shared\\ui\\carousel\\ui\\control-group\\index.ts": {"path":"E:\\IT курс\\Aston стажировка\\Лаборатория\\ageld\\react\\src\\shared\\ui\\carousel\\ui\\control-group\\index.ts","statementMap":{"0":{"start":{"line":1,"column":0},"end":{"line":1,"column":9}},"1":{"start":{"line":1,"column":9},"end":{"line":1,"column":44}}},"fnMap":{"0":{"name":"(anonymous_0)","decl":{"start":{"line":1,"column":9},"end":{"line":1,"column":29}},"loc":{"start":{"line":1,"column":9},"end":{"line":1,"column":44}}}},"branchMap":{},"s":{"0":2,"1":4},"f":{"0":2},"b":{}}
,"E:\\IT курс\\Aston стажировка\\Лаборатория\\ageld\\react\\src\\shared\\ui\\carousel\\ui\\control-group\\ui.tsx": {"path":"E:\\IT курс\\Aston стажировка\\Лаборатория\\ageld\\react\\src\\shared\\ui\\carousel\\ui\\control-group\\ui.tsx","statementMap":{"0":{"start":{"line":1,"column":0},"end":{"line":1,"column":48}},"1":{"start":{"line":3,"column":0},"end":{"line":3,"column":50}},"2":{"start":{"line":4,"column":0},"end":{"line":4,"column":46}},"3":{"start":{"line":14,"column":36},"end":{"line":27,"column":1}},"4":{"start":{"line":16,"column":8},"end":{"line":16,"column":62}},"5":{"start":{"line":17,"column":4},"end":{"line":26,"column":6}},"6":{"start":{"line":14,"column":13},"end":{"line":14,"column":36}}},"fnMap":{"0":{"name":"(anonymous_0)","decl":{"start":{"line":14,"column":36},"end":{"line":14,"column":37}},"loc":{"start":{"line":14,"column":78},"end":{"line":27,"column":1}}}},"branchMap":{},"s":{"0":2,"1":2,"2":2,"3":2,"4":2,"5":2,"6":2},"f":{"0":2},"b":{}}
,"E:\\IT курс\\Aston стажировка\\Лаборатория\\ageld\\react\\src\\shared\\ui\\carousel\\ui\\control-group\\controls\\index.ts": {"path":"E:\\IT курс\\Aston стажировка\\Лаборатория\\ageld\\react\\src\\shared\\ui\\carousel\\ui\\control-group\\controls\\index.ts","statementMap":{"0":{"start":{"line":1,"column":0},"end":{"line":1,"column":9}},"1":{"start":{"line":1,"column":9},"end":{"line":1,"column":40}}},"fnMap":{"0":{"name":"(anonymous_0)","decl":{"start":{"line":1,"column":9},"end":{"line":1,"column":25}},"loc":{"start":{"line":1,"column":9},"end":{"line":1,"column":40}}}},"branchMap":{},"s":{"0":2,"1":4},"f":{"0":2},"b":{}}
,"E:\\IT курс\\Aston стажировка\\Лаборатория\\ageld\\react\\src\\shared\\ui\\carousel\\ui\\control-group\\controls\\ui.tsx": {"path":"E:\\IT курс\\Aston стажировка\\Лаборатория\\ageld\\react\\src\\shared\\ui\\carousel\\ui\\control-group\\controls\\ui.tsx","statementMap":{"0":{"start":{"line":1,"column":0},"end":{"line":1,"column":37}},"1":{"start":{"line":3,"column":0},"end":{"line":3,"column":23}},"2":{"start":{"line":9,"column":32},"end":{"line":26,"column":1}},"3":{"start":{"line":10,"column":4},"end":{"line":25,"column":6}},"4":{"start":{"line":14,"column":31},"end":{"line":14,"column":60}},"5":{"start":{"line":20,"column":31},"end":{"line":20,"column":60}},"6":{"start":{"line":9,"column":13},"end":{"line":9,"column":32}}},"fnMap":{"0":{"name":"(anonymous_0)","decl":{"start":{"line":9,"column":32},"end":{"line":9,"column":33}},"loc":{"start":{"line":9,"column":69},"end":{"line":26,"column":1}}},"1":{"name":"(anonymous_1)","decl":{"start":{"line":14,"column":25},"end":{"line":14,"column":28}},"loc":{"start":{"line":14,"column":31},"end":{"line":14,"column":60}}},"2":{"name":"(anonymous_2)","decl":{"start":{"line":20,"column":25},"end":{"line":20,"column":28}},"loc":{"start":{"line":20,"column":31},"end":{"line":20,"column":60}}}},"branchMap":{},"s":{"0":2,"1":2,"2":2,"3":2,"4":0,"5":0,"6":2},"f":{"0":2,"1":0,"2":0},"b":{}}
,"E:\\IT курс\\Aston стажировка\\Лаборатория\\ageld\\react\\src\\shared\\ui\\carousel\\ui\\control-group\\indicators\\index.ts": {"path":"E:\\IT курс\\Aston стажировка\\Лаборатория\\ageld\\react\\src\\shared\\ui\\carousel\\ui\\control-group\\indicators\\index.ts","statementMap":{"0":{"start":{"line":1,"column":0},"end":{"line":1,"column":9}},"1":{"start":{"line":1,"column":9},"end":{"line":1,"column":42}}},"fnMap":{"0":{"name":"(anonymous_0)","decl":{"start":{"line":1,"column":9},"end":{"line":1,"column":27}},"loc":{"start":{"line":1,"column":9},"end":{"line":1,"column":42}}}},"branchMap":{},"s":{"0":2,"1":4},"f":{"0":2},"b":{}}
,"E:\\IT курс\\Aston стажировка\\Лаборатория\\ageld\\react\\src\\shared\\ui\\carousel\\ui\\control-group\\indicators\\ui.tsx": {"path":"E:\\IT курс\\Aston стажировка\\Лаборатория\\ageld\\react\\src\\shared\\ui\\carousel\\ui\\control-group\\indicators\\ui.tsx","statementMap":{"0":{"start":{"line":1,"column":0},"end":{"line":1,"column":28}},"1":{"start":{"line":5,"column":0},"end":{"line":5,"column":23}},"2":{"start":{"line":13,"column":34},"end":{"line":33,"column":1}},"3":{"start":{"line":18,"column":29},"end":{"line":21,"column":10}},"4":{"start":{"line":19,"column":8},"end":{"line":21,"column":10}},"5":{"start":{"line":22,"column":4},"end":{"line":32,"column":6}},"6":{"start":{"line":25,"column":16},"end":{"line":26,"column":null}},"7":{"start":{"line":28,"column":35},"end":{"line":28,"column":65}},"8":{"start":{"line":13,"column":13},"end":{"line":13,"column":34}}},"fnMap":{"0":{"name":"(anonymous_0)","decl":{"start":{"line":13,"column":34},"end":{"line":13,"column":35}},"loc":{"start":{"line":17,"column":12},"end":{"line":33,"column":1}}},"1":{"name":"(anonymous_1)","decl":{"start":{"line":18,"column":29},"end":{"line":18,"column":30}},"loc":{"start":{"line":19,"column":8},"end":{"line":21,"column":10}}},"2":{"name":"(anonymous_2)","decl":{"start":{"line":24,"column":23},"end":{"line":24,"column":24}},"loc":{"start":{"line":25,"column":16},"end":{"line":26,"column":null}}},"3":{"name":"(anonymous_3)","decl":{"start":{"line":28,"column":29},"end":{"line":28,"column":32}},"loc":{"start":{"line":28,"column":35},"end":{"line":28,"column":65}}}},"branchMap":{},"s":{"0":2,"1":2,"2":2,"3":2,"4":10,"5":2,"6":10,"7":0,"8":2},"f":{"0":2,"1":10,"2":10,"3":0},"b":{}}
,"E:\\IT курс\\Aston стажировка\\Лаборатория\\ageld\\react\\src\\shared\\ui\\carousel\\ui\\inner\\index.ts": {"path":"E:\\IT курс\\Aston стажировка\\Лаборатория\\ageld\\react\\src\\shared\\ui\\carousel\\ui\\inner\\index.ts","statementMap":{"0":{"start":{"line":1,"column":0},"end":{"line":1,"column":9}},"1":{"start":{"line":1,"column":9},"end":{"line":1,"column":37}}},"fnMap":{"0":{"name":"(anonymous_0)","decl":{"start":{"line":1,"column":9},"end":{"line":1,"column":22}},"loc":{"start":{"line":1,"column":9},"end":{"line":1,"column":37}}}},"branchMap":{},"s":{"0":2,"1":4},"f":{"0":2},"b":{}}
,"E:\\IT курс\\Aston стажировка\\Лаборатория\\ageld\\react\\src\\shared\\ui\\carousel\\ui\\inner\\ui.tsx": {"path":"E:\\IT курс\\Aston стажировка\\Лаборатория\\ageld\\react\\src\\shared\\ui\\carousel\\ui\\inner\\ui.tsx","statementMap":{"0":{"start":{"line":1,"column":0},"end":{"line":1,"column":28}},"1":{"start":{"line":5,"column":0},"end":{"line":5,"column":23}},"2":{"start":{"line":14,"column":29},"end":{"line":40,"column":1}},"3":{"start":{"line":20,"column":33},"end":{"line":22,"column":6}},"4":{"start":{"line":23,"column":4},"end":{"line":39,"column":6}},"5":{"start":{"line":27,"column":20},"end":{"line":28,"column":null}},"6":{"start":{"line":14,"column":13},"end":{"line":14,"column":29}}},"fnMap":{"0":{"name":"(anonymous_0)","decl":{"start":{"line":14,"column":29},"end":{"line":14,"column":30}},"loc":{"start":{"line":19,"column":12},"end":{"line":40,"column":1}}},"1":{"name":"(anonymous_1)","decl":{"start":{"line":26,"column":27},"end":{"line":26,"column":28}},"loc":{"start":{"line":27,"column":20},"end":{"line":28,"column":null}}}},"branchMap":{},"s":{"0":2,"1":2,"2":2,"3":2,"4":2,"5":10,"6":2},"f":{"0":2,"1":10},"b":{}}
,"E:\\IT курс\\Aston стажировка\\Лаборатория\\ageld\\react\\src\\shared\\ui\\checkbox\\index.ts": {"path":"E:\\IT курс\\Aston стажировка\\Лаборатория\\ageld\\react\\src\\shared\\ui\\checkbox\\index.ts","statementMap":{"0":{"start":{"line":1,"column":0},"end":{"line":1,"column":9}},"1":{"start":{"line":1,"column":9},"end":{"line":1,"column":32}}},"fnMap":{"0":{"name":"(anonymous_0)","decl":{"start":{"line":1,"column":9},"end":{"line":1,"column":17}},"loc":{"start":{"line":1,"column":9},"end":{"line":1,"column":32}}}},"branchMap":{},"s":{"0":2,"1":2},"f":{"0":0},"b":{}}
,"E:\\IT курс\\Aston стажировка\\Лаборатория\\ageld\\react\\src\\shared\\ui\\checkbox\\ui.tsx": {"path":"E:\\IT курс\\Aston стажировка\\Лаборатория\\ageld\\react\\src\\shared\\ui\\checkbox\\ui.tsx","statementMap":{"0":{"start":{"line":4,"column":0},"end":{"line":4,"column":23}},"1":{"start":{"line":16,"column":24},"end":{"line":31,"column":1}},"2":{"start":{"line":16,"column":52},"end":{"line":16,"column":57}},"3":{"start":{"line":16,"column":62},"end":{"line":16,"column":71}},"4":{"start":{"line":17,"column":4},"end":{"line":30,"column":6}},"5":{"start":{"line":16,"column":13},"end":{"line":16,"column":24}}},"fnMap":{"0":{"name":"(anonymous_1)","decl":{"start":{"line":16,"column":24},"end":{"line":16,"column":25}},"loc":{"start":{"line":16,"column":75},"end":{"line":31,"column":1}}}},"branchMap":{"0":{"loc":{"start":{"line":21,"column":25},"end":{"line":21,"column":61}},"type":"binary-expr","locations":[{"start":{"line":21,"column":25},"end":{"line":21,"column":33}},{"start":{"line":21,"column":37},"end":{"line":21,"column":42}},{"start":{"line":21,"column":46},"end":{"line":21,"column":61}}]}},"s":{"0":3,"1":3,"2":2,"3":2,"4":2,"5":3},"f":{"0":2},"b":{"0":[2,2,2]}}
,"E:\\IT курс\\Aston стажировка\\Лаборатория\\ageld\\react\\src\\shared\\ui\\columns\\index.ts": {"path":"E:\\IT курс\\Aston стажировка\\Лаборатория\\ageld\\react\\src\\shared\\ui\\columns\\index.ts","statementMap":{"0":{"start":{"line":1,"column":0},"end":{"line":1,"column":9}},"1":{"start":{"line":1,"column":9},"end":{"line":1,"column":31}}},"fnMap":{"0":{"name":"(anonymous_0)","decl":{"start":{"line":1,"column":9},"end":{"line":1,"column":16}},"loc":{"start":{"line":1,"column":9},"end":{"line":1,"column":31}}}},"branchMap":{},"s":{"0":2,"1":2},"f":{"0":0},"b":{}}
,"E:\\IT курс\\Aston стажировка\\Лаборатория\\ageld\\react\\src\\shared\\ui\\columns\\ui.tsx": {"path":"E:\\IT курс\\Aston стажировка\\Лаборатория\\ageld\\react\\src\\shared\\ui\\columns\\ui.tsx","statementMap":{"0":{"start":{"line":1,"column":0},"end":{"line":1,"column":28}},"1":{"start":{"line":5,"column":0},"end":{"line":5,"column":23}},"2":{"start":{"line":14,"column":23},"end":{"line":20,"column":1}},"3":{"start":{"line":15,"column":24},"end":{"line":18,"column":6}},"4":{"start":{"line":19,"column":4},"end":{"line":19,"column":57}},"5":{"start":{"line":14,"column":13},"end":{"line":14,"column":23}}},"fnMap":{"0":{"name":"(anonymous_0)","decl":{"start":{"line":14,"column":23},"end":{"line":14,"column":24}},"loc":{"start":{"line":14,"column":76},"end":{"line":20,"column":1}}}},"branchMap":{"0":{"loc":{"start":{"line":14,"column":36},"end":{"line":14,"column":48}},"type":"default-arg","locations":[{"start":{"line":14,"column":45},"end":{"line":14,"column":48}}]}},"s":{"0":3,"1":3,"2":3,"3":2,"4":2,"5":3},"f":{"0":2},"b":{"0":[2]}}
,"E:\\IT курс\\Aston стажировка\\Лаборатория\\ageld\\react\\src\\shared\\ui\\container\\index.ts": {"path":"E:\\IT курс\\Aston стажировка\\Лаборатория\\ageld\\react\\src\\shared\\ui\\container\\index.ts","statementMap":{"0":{"start":{"line":1,"column":0},"end":{"line":1,"column":9}},"1":{"start":{"line":1,"column":9},"end":{"line":1,"column":33}}},"fnMap":{"0":{"name":"(anonymous_0)","decl":{"start":{"line":1,"column":9},"end":{"line":1,"column":18}},"loc":{"start":{"line":1,"column":9},"end":{"line":1,"column":33}}}},"branchMap":{},"s":{"0":2,"1":2},"f":{"0":0},"b":{}}
,"E:\\IT курс\\Aston стажировка\\Лаборатория\\ageld\\react\\src\\shared\\ui\\container\\ui.tsx": {"path":"E:\\IT курс\\Aston стажировка\\Лаборатория\\ageld\\react\\src\\shared\\ui\\container\\ui.tsx","statementMap":{"0":{"start":{"line":1,"column":0},"end":{"line":1,"column":29}},"1":{"start":{"line":5,"column":0},"end":{"line":5,"column":23}},"2":{"start":{"line":12,"column":13},"end":{"line":16,"column":3}},"3":{"start":{"line":13,"column":4},"end":{"line":14,"column":null}}},"fnMap":{"0":{"name":"(anonymous_0)","decl":{"start":{"line":12,"column":30},"end":{"line":12,"column":31}},"loc":{"start":{"line":13,"column":4},"end":{"line":14,"column":null}}}},"branchMap":{"0":{"loc":{"start":{"line":12,"column":33},"end":{"line":12,"column":52}},"type":"default-arg","locations":[{"start":{"line":12,"column":43},"end":{"line":12,"column":52}}]}},"s":{"0":3,"1":3,"2":3,"3":2},"f":{"0":2},"b":{"0":[2]}}
,"E:\\IT курс\\Aston стажировка\\Лаборатория\\ageld\\react\\src\\shared\\ui\\form\\index.ts": {"path":"E:\\IT курс\\Aston стажировка\\Лаборатория\\ageld\\react\\src\\shared\\ui\\form\\index.ts","statementMap":{"0":{"start":{"line":1,"column":0},"end":{"line":1,"column":9}},"1":{"start":{"line":1,"column":9},"end":{"line":1,"column":28}}},"fnMap":{"0":{"name":"(anonymous_0)","decl":{"start":{"line":1,"column":9},"end":{"line":1,"column":13}},"loc":{"start":{"line":1,"column":9},"end":{"line":1,"column":28}}}},"branchMap":{},"s":{"0":2,"1":2},"f":{"0":0},"b":{}}
,"E:\\IT курс\\Aston стажировка\\Лаборатория\\ageld\\react\\src\\shared\\ui\\form\\ui.tsx": {"path":"E:\\IT курс\\Aston стажировка\\Лаборатория\\ageld\\react\\src\\shared\\ui\\form\\ui.tsx","statementMap":{"0":{"start":{"line":1,"column":0},"end":{"line":1,"column":29}},"1":{"start":{"line":5,"column":0},"end":{"line":5,"column":23}},"2":{"start":{"line":12,"column":13},"end":{"line":19,"column":3}},"3":{"start":{"line":12,"column":43},"end":{"line":12,"column":48}},"4":{"start":{"line":12,"column":53},"end":{"line":12,"column":62}},"5":{"start":{"line":12,"column":67},"end":{"line":19,"column":2}}},"fnMap":{"0":{"name":"(anonymous_1)","decl":{"start":{"line":12,"column":25},"end":{"line":12,"column":26}},"loc":{"start":{"line":12,"column":66},"end":{"line":19,"column":2}}}},"branchMap":{"0":{"loc":{"start":{"line":17,"column":9},"end":{"line":17,"column":54}},"type":"binary-expr","locations":[{"start":{"line":17,"column":9},"end":{"line":17,"column":14}},{"start":{"line":17,"column":18},"end":{"line":17,"column":54}}]}},"s":{"0":3,"1":3,"2":3,"3":3,"4":3,"5":3},"f":{"0":3},"b":{"0":[3,1]}}
,"E:\\IT курс\\Aston стажировка\\Лаборатория\\ageld\\react\\src\\shared\\ui\\icon\\index.ts": {"path":"E:\\IT курс\\Aston стажировка\\Лаборатория\\ageld\\react\\src\\shared\\ui\\icon\\index.ts","statementMap":{"0":{"start":{"line":1,"column":0},"end":{"line":1,"column":9}},"1":{"start":{"line":1,"column":9},"end":{"line":1,"column":15}},"2":{"start":{"line":1,"column":15},"end":{"line":1,"column":35}},"3":{"start":{"line":3,"column":0},"end":{"line":3,"column":7}},"4":{"start":{"line":4,"column":9},"end":{"line":3,"column":51}}},"fnMap":{"0":{"name":"(anonymous_0)","decl":{"start":{"line":1,"column":9},"end":{"line":1,"column":13}},"loc":{"start":{"line":1,"column":9},"end":{"line":1,"column":15}}},"1":{"name":"(anonymous_1)","decl":{"start":{"line":1,"column":15},"end":{"line":1,"column":20}},"loc":{"start":{"line":1,"column":15},"end":{"line":1,"column":35}}}},"branchMap":{},"s":{"0":5,"1":24,"2":5,"3":5,"4":5},"f":{"0":19,"1":0},"b":{}}
,"E:\\IT курс\\Aston стажировка\\Лаборатория\\ageld\\react\\src\\shared\\ui\\icon\\model\\index.ts": {"path":"E:\\IT курс\\Aston стажировка\\Лаборатория\\ageld\\react\\src\\shared\\ui\\icon\\model\\index.ts","statementMap":{"0":{"start":{"line":1,"column":0},"end":{"line":1,"column":24}}},"fnMap":{},"branchMap":{},"s":{"0":5},"f":{},"b":{}}
,"E:\\IT курс\\Aston стажировка\\Лаборатория\\ageld\\react\\src\\shared\\ui\\icon\\model\\types.ts": {"path":"E:\\IT курс\\Aston стажировка\\Лаборатория\\ageld\\react\\src\\shared\\ui\\icon\\model\\types.ts","statementMap":{"0":{"start":{"line":1,"column":0},"end":{"line":1,"column":74}},"1":{"start":{"line":2,"column":0},"end":{"line":2,"column":68}},"2":{"start":{"line":3,"column":0},"end":{"line":3,"column":72}},"3":{"start":{"line":4,"column":0},"end":{"line":4,"column":72}},"4":{"start":{"line":5,"column":0},"end":{"line":5,"column":68}},"5":{"start":{"line":6,"column":0},"end":{"line":6,"column":74}},"6":{"start":{"line":7,"column":0},"end":{"line":7,"column":82}},"7":{"start":{"line":8,"column":0},"end":{"line":8,"column":84}},"8":{"start":{"line":9,"column":0},"end":{"line":9,"column":92}},"9":{"start":{"line":10,"column":0},"end":{"line":10,"column":87}},"10":{"start":{"line":11,"column":0},"end":{"line":11,"column":79}},"11":{"start":{"line":12,"column":0},"end":{"line":12,"column":77}},"12":{"start":{"line":13,"column":0},"end":{"line":13,"column":84}},"13":{"start":{"line":14,"column":0},"end":{"line":14,"column":85}},"14":{"start":{"line":16,"column":0},"end":{"line":16,"column":83}},"15":{"start":{"line":17,"column":0},"end":{"line":17,"column":85}},"16":{"start":{"line":18,"column":0},"end":{"line":18,"column":74}},"17":{"start":{"line":19,"column":0},"end":{"line":19,"column":76}},"18":{"start":{"line":21,"column":0},"end":{"line":21,"column":70}},"19":{"start":{"line":22,"column":0},"end":{"line":22,"column":72}},"20":{"start":{"line":23,"column":0},"end":{"line":23,"column":67}},"21":{"start":{"line":24,"column":0},"end":{"line":24,"column":65}},"22":{"start":{"line":25,"column":0},"end":{"line":25,"column":63}},"23":{"start":{"line":27,"column":0},"end":{"line":27,"column":87}},"24":{"start":{"line":28,"column":0},"end":{"line":28,"column":76}},"25":{"start":{"line":29,"column":0},"end":{"line":29,"column":89}},"26":{"start":{"line":30,"column":0},"end":{"line":30,"column":89}},"27":{"start":{"line":31,"column":0},"end":{"line":31,"column":102}},"28":{"start":{"line":32,"column":0},"end":{"line":32,"column":74}},"29":{"start":{"line":33,"column":0},"end":{"line":33,"column":70}},"30":{"start":{"line":35,"column":0},"end":{"line":35,"column":87}},"31":{"start":{"line":36,"column":0},"end":{"line":36,"column":90}},"32":{"start":{"line":38,"column":0},"end":{"line":38,"column":76}},"33":{"start":{"line":39,"column":0},"end":{"line":39,"column":89}},"34":{"start":{"line":41,"column":0},"end":{"line":41,"column":63}},"35":{"start":{"line":43,"column":0},"end":{"line":43,"column":65}},"36":{"start":{"line":44,"column":0},"end":{"line":44,"column":67}},"37":{"start":{"line":45,"column":0},"end":{"line":45,"column":63}},"38":{"start":{"line":46,"column":0},"end":{"line":46,"column":71}},"39":{"start":{"line":48,"column":0},"end":{"line":48,"column":69}},"40":{"start":{"line":49,"column":0},"end":{"line":49,"column":65}},"41":{"start":{"line":50,"column":0},"end":{"line":50,"column":69}},"42":{"start":{"line":52,"column":0},"end":{"line":52,"column":80}},"43":{"start":{"line":53,"column":0},"end":{"line":53,"column":76}},"44":{"start":{"line":55,"column":0},"end":{"line":55,"column":70}},"45":{"start":{"line":56,"column":0},"end":{"line":56,"column":70}},"46":{"start":{"line":57,"column":0},"end":{"line":57,"column":70}},"47":{"start":{"line":59,"column":0},"end":{"line":59,"column":74}},"48":{"start":{"line":60,"column":0},"end":{"line":60,"column":86}},"49":{"start":{"line":61,"column":0},"end":{"line":61,"column":84}},"50":{"start":{"line":62,"column":0},"end":{"line":62,"column":74}},"51":{"start":{"line":63,"column":0},"end":{"line":63,"column":84}},"52":{"start":{"line":65,"column":0},"end":{"line":65,"column":81}},"53":{"start":{"line":66,"column":0},"end":{"line":66,"column":93}},"54":{"start":{"line":67,"column":0},"end":{"line":67,"column":93}},"55":{"start":{"line":68,"column":0},"end":{"line":68,"column":97}},"56":{"start":{"line":69,"column":0},"end":{"line":69,"column":85}},"57":{"start":{"line":70,"column":0},"end":{"line":70,"column":65}},"58":{"start":{"line":72,"column":0},"end":{"line":72,"column":76}},"59":{"start":{"line":73,"column":0},"end":{"line":73,"column":78}},"60":{"start":{"line":74,"column":0},"end":{"line":74,"column":90}},"61":{"start":{"line":76,"column":0},"end":{"line":76,"column":93}},"62":{"start":{"line":77,"column":0},"end":{"line":77,"column":99}},"63":{"start":{"line":78,"column":0},"end":{"line":78,"column":93}},"64":{"start":{"line":79,"column":0},"end":{"line":79,"column":94}},"65":{"start":{"line":80,"column":0},"end":{"line":80,"column":100}},"66":{"start":{"line":82,"column":0},"end":{"line":82,"column":72}},"67":{"start":{"line":83,"column":0},"end":{"line":83,"column":76}},"68":{"start":{"line":85,"column":0},"end":{"line":85,"column":87}},"69":{"start":{"line":86,"column":0},"end":{"line":86,"column":90}},"70":{"start":{"line":87,"column":0},"end":{"line":87,"column":108}},"71":{"start":{"line":88,"column":0},"end":{"line":88,"column":91}},"72":{"start":{"line":89,"column":0},"end":{"line":89,"column":104}},"73":{"start":{"line":90,"column":0},"end":{"line":90,"column":93}},"74":{"start":{"line":91,"column":0},"end":{"line":91,"column":91}},"75":{"start":{"line":92,"column":0},"end":{"line":92,"column":101}},"76":{"start":{"line":93,"column":0},"end":{"line":93,"column":97}},"77":{"start":{"line":95,"column":0},"end":{"line":95,"column":70}},"78":{"start":{"line":96,"column":0},"end":{"line":96,"column":75}},"79":{"start":{"line":97,"column":0},"end":{"line":97,"column":70}},"80":{"start":{"line":98,"column":0},"end":{"line":98,"column":64}},"81":{"start":{"line":99,"column":0},"end":{"line":99,"column":72}},"82":{"start":{"line":100,"column":0},"end":{"line":100,"column":70}},"83":{"start":{"line":102,"column":13},"end":{"line":109,"column":2}},"84":{"start":{"line":113,"column":13},"end":{"line":208,"column":2}}},"fnMap":{},"branchMap":{},"s":{"0":5,"1":5,"2":5,"3":5,"4":5,"5":5,"6":5,"7":5,"8":5,"9":5,"10":5,"11":5,"12":5,"13":5,"14":5,"15":5,"16":5,"17":5,"18":5,"19":5,"20":5,"21":5,"22":5,"23":5,"24":5,"25":5,"26":5,"27":5,"28":5,"29":5,"30":5,"31":5,"32":5,"33":5,"34":5,"35":5,"36":5,"37":5,"38":5,"39":5,"40":5,"41":5,"42":5,"43":5,"44":5,"45":5,"46":5,"47":5,"48":5,"49":5,"50":5,"51":5,"52":5,"53":5,"54":5,"55":5,"56":5,"57":5,"58":5,"59":5,"60":5,"61":5,"62":5,"63":5,"64":5,"65":5,"66":5,"67":5,"68":5,"69":5,"70":5,"71":5,"72":5,"73":5,"74":5,"75":5,"76":5,"77":5,"78":5,"79":5,"80":5,"81":5,"82":5,"83":5,"84":5},"f":{},"b":{}}
,"E:\\IT курс\\Aston стажировка\\Лаборатория\\ageld\\react\\src\\shared\\ui\\icon\\ui\\index.ts": {"path":"E:\\IT курс\\Aston стажировка\\Лаборатория\\ageld\\react\\src\\shared\\ui\\icon\\ui\\index.ts","statementMap":{"0":{"start":{"line":1,"column":0},"end":{"line":1,"column":9}},"1":{"start":{"line":1,"column":9},"end":{"line":1,"column":30}},"2":{"start":{"line":2,"column":0},"end":{"line":2,"column":9}},"3":{"start":{"line":2,"column":9},"end":{"line":2,"column":32}}},"fnMap":{"0":{"name":"(anonymous_0)","decl":{"start":{"line":1,"column":9},"end":{"line":1,"column":13}},"loc":{"start":{"line":1,"column":9},"end":{"line":1,"column":30}}},"1":{"name":"(anonymous_1)","decl":{"start":{"line":2,"column":9},"end":{"line":2,"column":14}},"loc":{"start":{"line":2,"column":9},"end":{"line":2,"column":32}}}},"branchMap":{},"s":{"0":5,"1":24,"2":5,"3":5},"f":{"0":19,"1":0},"b":{}}
,"E:\\IT курс\\Aston стажировка\\Лаборатория\\ageld\\react\\src\\shared\\ui\\icon\\ui\\icon\\index.ts": {"path":"E:\\IT курс\\Aston стажировка\\Лаборатория\\ageld\\react\\src\\shared\\ui\\icon\\ui\\icon\\index.ts","statementMap":{"0":{"start":{"line":1,"column":0},"end":{"line":1,"column":9}},"1":{"start":{"line":1,"column":9},"end":{"line":1,"column":28}}},"fnMap":{"0":{"name":"(anonymous_0)","decl":{"start":{"line":1,"column":9},"end":{"line":1,"column":13}},"loc":{"start":{"line":1,"column":9},"end":{"line":1,"column":28}}}},"branchMap":{},"s":{"0":5,"1":24},"f":{"0":19},"b":{}}
,"E:\\IT курс\\Aston стажировка\\Лаборатория\\ageld\\react\\src\\shared\\ui\\icon\\ui\\icon\\ui.tsx": {"path":"E:\\IT курс\\Aston стажировка\\Лаборатория\\ageld\\react\\src\\shared\\ui\\icon\\ui\\icon\\ui.tsx","statementMap":{"0":{"start":{"line":1,"column":0},"end":{"line":1,"column":29}},"1":{"start":{"line":3,"column":0},"end":{"line":3,"column":34}},"2":{"start":{"line":16,"column":13},"end":{"line":26,"column":2}},"3":{"start":{"line":18,"column":8},"end":{"line":23,"column":null}}},"fnMap":{"0":{"name":"(anonymous_0)","decl":{"start":{"line":17,"column":4},"end":{"line":17,"column":5}},"loc":{"start":{"line":18,"column":8},"end":{"line":23,"column":null}}}},"branchMap":{"0":{"loc":{"start":{"line":20,"column":19},"end":{"line":20,"column":48}},"type":"binary-expr","locations":[{"start":{"line":20,"column":19},"end":{"line":20,"column":33}},{"start":{"line":20,"column":37},"end":{"line":20,"column":42}},{"start":{"line":20,"column":46},"end":{"line":20,"column":48}}]},"1":{"loc":{"start":{"line":21,"column":20},"end":{"line":21,"column":50}},"type":"binary-expr","locations":[{"start":{"line":21,"column":20},"end":{"line":21,"column":34}},{"start":{"line":21,"column":38},"end":{"line":21,"column":44}},{"start":{"line":21,"column":48},"end":{"line":21,"column":50}}]},"2":{"loc":{"start":{"line":23,"column":25},"end":{"line":23,"column":61}},"type":"cond-expr","locations":[{"start":{"line":23,"column":45},"end":{"line":23,"column":49}},{"start":{"line":23,"column":52},"end":{"line":23,"column":61}}]}},"s":{"0":5,"1":5,"2":5,"3":17},"f":{"0":17},"b":{"0":[17,17,2],"1":[17,17,17],"2":[2,15]}}
,"E:\\IT курс\\Aston стажировка\\Лаборатория\\ageld\\react\\src\\shared\\ui\\icon\\ui\\image\\index.ts": {"path":"E:\\IT курс\\Aston стажировка\\Лаборатория\\ageld\\react\\src\\shared\\ui\\icon\\ui\\image\\index.ts","statementMap":{"0":{"start":{"line":1,"column":0},"end":{"line":1,"column":9}},"1":{"start":{"line":1,"column":9},"end":{"line":1,"column":29}}},"fnMap":{"0":{"name":"(anonymous_0)","decl":{"start":{"line":1,"column":9},"end":{"line":1,"column":14}},"loc":{"start":{"line":1,"column":9},"end":{"line":1,"column":29}}}},"branchMap":{},"s":{"0":5,"1":5},"f":{"0":0},"b":{}}
,"E:\\IT курс\\Aston стажировка\\Лаборатория\\ageld\\react\\src\\shared\\ui\\icon\\ui\\image\\ui.tsx": {"path":"E:\\IT курс\\Aston стажировка\\Лаборатория\\ageld\\react\\src\\shared\\ui\\icon\\ui\\image\\ui.tsx","statementMap":{"0":{"start":{"line":1,"column":0},"end":{"line":1,"column":29}},"1":{"start":{"line":3,"column":0},"end":{"line":3,"column":34}},"2":{"start":{"line":15,"column":13},"end":{"line":38,"column":2}},"3":{"start":{"line":25,"column":8},"end":{"line":35,"column":null}}},"fnMap":{"0":{"name":"(anonymous_0)","decl":{"start":{"line":16,"column":4},"end":{"line":16,"column":5}},"loc":{"start":{"line":25,"column":8},"end":{"line":35,"column":null}}}},"branchMap":{"0":{"loc":{"start":{"line":26,"column":17},"end":{"line":26,"column":45}},"type":"binary-expr","locations":[{"start":{"line":26,"column":17},"end":{"line":26,"column":20}},{"start":{"line":26,"column":25},"end":{"line":26,"column":30}},{"start":{"line":26,"column":34},"end":{"line":26,"column":44}}]},"1":{"loc":{"start":{"line":27,"column":17},"end":{"line":29,"column":20}},"type":"cond-expr","locations":[{"start":{"line":28,"column":18},"end":{"line":28,"column":52}},{"start":{"line":29,"column":18},"end":{"line":29,"column":20}}]},"2":{"loc":{"start":{"line":27,"column":17},"end":{"line":27,"column":40}},"type":"binary-expr","locations":[{"start":{"line":27,"column":17},"end":{"line":27,"column":31}},{"start":{"line":27,"column":35},"end":{"line":27,"column":40}}]},"3":{"loc":{"start":{"line":28,"column":27},"end":{"line":28,"column":50}},"type":"binary-expr","locations":[{"start":{"line":28,"column":27},"end":{"line":28,"column":41}},{"start":{"line":28,"column":45},"end":{"line":28,"column":50}}]},"4":{"loc":{"start":{"line":30,"column":17},"end":{"line":32,"column":20}},"type":"cond-expr","locations":[{"start":{"line":31,"column":18},"end":{"line":31,"column":54}},{"start":{"line":32,"column":18},"end":{"line":32,"column":20}}]},"5":{"loc":{"start":{"line":30,"column":17},"end":{"line":30,"column":41}},"type":"binary-expr","locations":[{"start":{"line":30,"column":17},"end":{"line":30,"column":31}},{"start":{"line":30,"column":35},"end":{"line":30,"column":41}}]},"6":{"loc":{"start":{"line":31,"column":28},"end":{"line":31,"column":52}},"type":"binary-expr","locations":[{"start":{"line":31,"column":28},"end":{"line":31,"column":42}},{"start":{"line":31,"column":46},"end":{"line":31,"column":52}}]},"7":{"loc":{"start":{"line":35,"column":25},"end":{"line":35,"column":62}},"type":"cond-expr","locations":[{"start":{"line":35,"column":45},"end":{"line":35,"column":50}},{"start":{"line":35,"column":53},"end":{"line":35,"column":62}}]}},"s":{"0":5,"1":5,"2":5,"3":2},"f":{"0":2},"b":{"0":[2,2,2],"1":[0,2],"2":[2,2],"3":[0,0],"4":[0,2],"5":[2,2],"6":[0,0],"7":[2,0]}}
,"E:\\IT курс\\Aston стажировка\\Лаборатория\\ageld\\react\\src\\shared\\ui\\input\\index.ts": {"path":"E:\\IT курс\\Aston стажировка\\Лаборатория\\ageld\\react\\src\\shared\\ui\\input\\index.ts","statementMap":{"0":{"start":{"line":1,"column":0},"end":{"line":1,"column":9}},"1":{"start":{"line":1,"column":9},"end":{"line":1,"column":29}}},"fnMap":{"0":{"name":"(anonymous_0)","decl":{"start":{"line":1,"column":9},"end":{"line":1,"column":14}},"loc":{"start":{"line":1,"column":9},"end":{"line":1,"column":29}}}},"branchMap":{},"s":{"0":2,"1":2},"f":{"0":0},"b":{}}
,"E:\\IT курс\\Aston стажировка\\Лаборатория\\ageld\\react\\src\\shared\\ui\\input\\ui.tsx": {"path":"E:\\IT курс\\Aston стажировка\\Лаборатория\\ageld\\react\\src\\shared\\ui\\input\\ui.tsx","statementMap":{"0":{"start":{"line":1,"column":0},"end":{"line":1,"column":29}},"1":{"start":{"line":2,"column":0},"end":{"line":2,"column":47}},"2":{"start":{"line":3,"column":0},"end":{"line":3,"column":28}},"3":{"start":{"line":8,"column":0},"end":{"line":8,"column":23}},"4":{"start":{"line":23,"column":13},"end":{"line":99,"column":2}},"5":{"start":{"line":40,"column":16},"end":{"line":40,"column":null}},"6":{"start":{"line":41,"column":16},"end":{"line":42,"column":12}},"7":{"start":{"line":43,"column":22},"end":{"line":43,"column":38}},"8":{"start":{"line":44,"column":27},"end":{"line":46,"column":10}},"9":{"start":{"line":47,"column":36},"end":{"line":50,"column":10}},"10":{"start":{"line":51,"column":27},"end":{"line":54,"column":10}},"11":{"start":{"line":56,"column":8},"end":{"line":97,"column":10}}},"fnMap":{"0":{"name":"(anonymous_1)","decl":{"start":{"line":24,"column":4},"end":{"line":24,"column":5}},"loc":{"start":{"line":42,"column":16},"end":{"line":98,"column":5}}}},"branchMap":{"0":{"loc":{"start":{"line":26,"column":8},"end":{"line":26,"column":23}},"type":"default-arg","locations":[{"start":{"line":26,"column":15},"end":{"line":26,"column":23}}]},"1":{"loc":{"start":{"line":27,"column":8},"end":{"line":27,"column":22}},"type":"default-arg","locations":[{"start":{"line":27,"column":16},"end":{"line":27,"column":22}}]},"2":{"loc":{"start":{"line":32,"column":8},"end":{"line":32,"column":20}},"type":"default-arg","locations":[{"start":{"line":32,"column":18},"end":{"line":32,"column":20}}]},"3":{"loc":{"start":{"line":35,"column":8},"end":{"line":35,"column":18}},"type":"default-arg","locations":[{"start":{"line":35,"column":16},"end":{"line":35,"column":18}}]},"4":{"loc":{"start":{"line":45,"column":19},"end":{"line":45,"column":35}},"type":"binary-expr","locations":[{"start":{"line":45,"column":19},"end":{"line":45,"column":24}},{"start":{"line":45,"column":28},"end":{"line":45,"column":35}}]},"5":{"loc":{"start":{"line":48,"column":19},"end":{"line":48,"column":35}},"type":"binary-expr","locations":[{"start":{"line":48,"column":19},"end":{"line":48,"column":24}},{"start":{"line":48,"column":28},"end":{"line":48,"column":35}}]},"6":{"loc":{"start":{"line":52,"column":26},"end":{"line":52,"column":51}},"type":"binary-expr","locations":[{"start":{"line":52,"column":26},"end":{"line":52,"column":42}},{"start":{"line":52,"column":46},"end":{"line":52,"column":51}}]},"7":{"loc":{"start":{"line":59,"column":21},"end":{"line":60,"column":null}},"type":"binary-expr","locations":[{"start":{"line":59,"column":21},"end":{"line":59,"column":37}},{"start":{"line":59,"column":41},"end":{"line":59,"column":46}},{"start":{"line":60,"column":24},"end":{"line":60,"column":60}}]},"8":{"loc":{"start":{"line":62,"column":21},"end":{"line":89,"column":null}},"type":"cond-expr","locations":[{"start":{"line":63,"column":24},"end":{"line":75,"column":null}},{"start":{"line":78,"column":24},"end":{"line":88,"column":null}}]},"9":{"loc":{"start":{"line":71,"column":34},"end":{"line":71,"column":48}},"type":"binary-expr","locations":[{"start":{"line":71,"column":34},"end":{"line":71,"column":38}},{"start":{"line":71,"column":42},"end":{"line":71,"column":48}}]},"10":{"loc":{"start":{"line":72,"column":41},"end":{"line":72,"column":52}},"type":"binary-expr","locations":[{"start":{"line":72,"column":41},"end":{"line":72,"column":46}},{"start":{"line":72,"column":50},"end":{"line":72,"column":52}}]},"11":{"loc":{"start":{"line":84,"column":34},"end":{"line":84,"column":48}},"type":"binary-expr","locations":[{"start":{"line":84,"column":34},"end":{"line":84,"column":38}},{"start":{"line":84,"column":42},"end":{"line":84,"column":48}}]},"12":{"loc":{"start":{"line":85,"column":41},"end":{"line":85,"column":52}},"type":"binary-expr","locations":[{"start":{"line":85,"column":41},"end":{"line":85,"column":46}},{"start":{"line":85,"column":50},"end":{"line":85,"column":52}}]},"13":{"loc":{"start":{"line":91,"column":21},"end":{"line":91,"column":77}},"type":"binary-expr","locations":[{"start":{"line":91,"column":21},"end":{"line":91,"column":29}},{"start":{"line":91,"column":33},"end":{"line":91,"column":77}}]},"14":{"loc":{"start":{"line":93,"column":17},"end":{"line":94,"column":null}},"type":"binary-expr","locations":[{"start":{"line":93,"column":17},"end":{"line":93,"column":22}},{"start":{"line":93,"column":26},"end":{"line":93,"column":41}},{"start":{"line":94,"column":20},"end":{"line":94,"column":66}}]}},"s":{"0":3,"1":3,"2":3,"3":3,"4":3,"5":9,"6":9,"7":9,"8":9,"9":9,"10":9,"11":9},"f":{"0":9},"b":{"0":[7],"1":[9],"2":[9],"3":[9],"4":[9,7],"5":[9,7],"6":[9,2],"7":[9,2,1],"8":[0,9],"9":[0,0],"10":[0,0],"11":[9,9],"12":[9,3],"13":[9,1],"14":[9,2,1]}}
,"E:\\IT курс\\Aston стажировка\\Лаборатория\\ageld\\react\\src\\shared\\ui\\input-file\\index.ts": {"path":"E:\\IT курс\\Aston стажировка\\Лаборатория\\ageld\\react\\src\\shared\\ui\\input-file\\index.ts","statementMap":{"0":{"start":{"line":1,"column":0},"end":{"line":1,"column":9}},"1":{"start":{"line":1,"column":9},"end":{"line":1,"column":33}}},"fnMap":{"0":{"name":"(anonymous_0)","decl":{"start":{"line":1,"column":9},"end":{"line":1,"column":18}},"loc":{"start":{"line":1,"column":9},"end":{"line":1,"column":33}}}},"branchMap":{},"s":{"0":2,"1":2},"f":{"0":0},"b":{}}
,"E:\\IT курс\\Aston стажировка\\Лаборатория\\ageld\\react\\src\\shared\\ui\\input-file\\ui.tsx": {"path":"E:\\IT курс\\Aston стажировка\\Лаборатория\\ageld\\react\\src\\shared\\ui\\input-file\\ui.tsx","statementMap":{"0":{"start":{"line":1,"column":0},"end":{"line":1,"column":39}},"1":{"start":{"line":2,"column":0},"end":{"line":2,"column":47}},"2":{"start":{"line":3,"column":0},"end":{"line":3,"column":28}},"3":{"start":{"line":5,"column":0},"end":{"line":5,"column":37}},"4":{"start":{"line":11,"column":0},"end":{"line":11,"column":23}},"5":{"start":{"line":24,"column":13},"end":{"line":106,"column":2}},"6":{"start":{"line":33,"column":16},"end":{"line":33,"column":null}},"7":{"start":{"line":34,"column":16},"end":{"line":35,"column":12}},"8":{"start":{"line":36,"column":22},"end":{"line":36,"column":38}},"9":{"start":{"line":37,"column":32},"end":{"line":37,"column":59}},"10":{"start":{"line":39,"column":27},"end":{"line":41,"column":10}},"11":{"start":{"line":42,"column":32},"end":{"line":44,"column":10}},"12":{"start":{"line":45,"column":37},"end":{"line":47,"column":10}},"13":{"start":{"line":48,"column":31},"end":{"line":50,"column":10}},"14":{"start":{"line":52,"column":8},"end":{"line":104,"column":10}},"15":{"start":{"line":57,"column":47},"end":{"line":57,"column":60}},"16":{"start":{"line":67,"column":40},"end":{"line":68,"column":null}},"17":{"start":{"line":78,"column":36},"end":{"line":78,"column":80}}},"fnMap":{"0":{"name":"(anonymous_1)","decl":{"start":{"line":25,"column":4},"end":{"line":25,"column":5}},"loc":{"start":{"line":35,"column":16},"end":{"line":105,"column":5}}},"1":{"name":"(anonymous_2)","decl":{"start":{"line":57,"column":41},"end":{"line":57,"column":44}},"loc":{"start":{"line":57,"column":47},"end":{"line":57,"column":60}}},"2":{"name":"(anonymous_3)","decl":{"start":{"line":66,"column":46},"end":{"line":66,"column":47}},"loc":{"start":{"line":67,"column":40},"end":{"line":68,"column":null}}},"3":{"name":"(anonymous_4)","decl":{"start":{"line":77,"column":42},"end":{"line":77,"column":43}},"loc":{"start":{"line":78,"column":36},"end":{"line":78,"column":80}}}},"branchMap":{"0":{"loc":{"start":{"line":28,"column":8},"end":{"line":28,"column":27}},"type":"default-arg","locations":[{"start":{"line":28,"column":18},"end":{"line":28,"column":27}}]},"1":{"loc":{"start":{"line":29,"column":8},"end":{"line":29,"column":22}},"type":"default-arg","locations":[{"start":{"line":29,"column":16},"end":{"line":29,"column":22}}]},"2":{"loc":{"start":{"line":32,"column":8},"end":{"line":32,"column":23}},"type":"default-arg","locations":[{"start":{"line":32,"column":16},"end":{"line":32,"column":23}}]},"3":{"loc":{"start":{"line":40,"column":19},"end":{"line":40,"column":35}},"type":"binary-expr","locations":[{"start":{"line":40,"column":19},"end":{"line":40,"column":24}},{"start":{"line":40,"column":28},"end":{"line":40,"column":35}}]},"4":{"loc":{"start":{"line":54,"column":17},"end":{"line":100,"column":null}},"type":"cond-expr","locations":[{"start":{"line":55,"column":20},"end":{"line":59,"column":null}},{"start":{"line":62,"column":20},"end":{"line":99,"column":null}}]},"5":{"loc":{"start":{"line":56,"column":30},"end":{"line":56,"column":40}},"type":"cond-expr","locations":[{"start":{"line":56,"column":34},"end":{"line":56,"column":36}},{"start":{"line":56,"column":30},"end":{"line":56,"column":40}}]},"6":{"loc":{"start":{"line":56,"column":30},"end":{"line":56,"column":36}},"type":"binary-expr","locations":[{"start":{"line":56,"column":30},"end":{"line":56,"column":36}},{"start":{"line":56,"column":30},"end":{"line":56,"column":36}}]},"7":{"loc":{"start":{"line":63,"column":25},"end":{"line":82,"column":null}},"type":"cond-expr","locations":[{"start":{"line":64,"column":28},"end":{"line":73,"column":null}},{"start":{"line":76,"column":28},"end":{"line":81,"column":null}}]},"8":{"loc":{"start":{"line":68,"column":44},"end":{"line":68,"column":79}},"type":"binary-expr","locations":[{"start":{"line":68,"column":44},"end":{"line":68,"column":58}},{"start":{"line":68,"column":62},"end":{"line":68,"column":79}}]},"9":{"loc":{"start":{"line":78,"column":44},"end":{"line":78,"column":79}},"type":"binary-expr","locations":[{"start":{"line":78,"column":44},"end":{"line":78,"column":58}},{"start":{"line":78,"column":62},"end":{"line":78,"column":79}}]},"10":{"loc":{"start":{"line":86,"column":33},"end":{"line":92,"column":null}},"type":"cond-expr","locations":[{"start":{"line":87,"column":36},"end":{"line":89,"column":null}},{"start":{"line":92,"column":36},"end":{"line":92,"column":74}}]},"11":{"loc":{"start":{"line":86,"column":33},"end":{"line":86,"column":49}},"type":"binary-expr","locations":[{"start":{"line":86,"column":33},"end":{"line":86,"column":38}},{"start":{"line":86,"column":42},"end":{"line":86,"column":49}}]},"12":{"loc":{"start":{"line":95,"column":36},"end":{"line":95,"column":61}},"type":"binary-expr","locations":[{"start":{"line":95,"column":36},"end":{"line":95,"column":41}},{"start":{"line":95,"column":45},"end":{"line":95,"column":61}}]},"13":{"loc":{"start":{"line":98,"column":31},"end":{"line":98,"column":70}},"type":"binary-expr","locations":[{"start":{"line":98,"column":31},"end":{"line":98,"column":35}},{"start":{"line":98,"column":39},"end":{"line":98,"column":70}}]}
[...]
,"E:\\IT курс\\Aston стажировка\\Лаборатория\\ageld\\react\\src\\shared\\ui\\preloader\\index.ts": {"path":"E:\\IT курс\\Aston стажировка\\Лаборатория\\ageld\\react\\src\\shared\\ui\\preloader\\index.ts","statementMap":{"0":{"start":{"line":1,"column":0},"end":{"line":1,"column":9}},"1":{"start":{"line":1,"column":9},"end":{"line":1,"column":33}}},"fnMap":{"0":{"name":"(anonymous_0)","decl":{"start":{"line":1,"column":9},"end":{"line":1,"column":18}},"loc":{"start":{"line":1,"column":9},"end":{"line":1,"column":33}}}},"branchMap":{},"s":{"0":2,"1":2},"f":{"0":0},"b":{}}
,"E:\\IT курс\\Aston стажировка\\Лаборатория\\ageld\\react\\src\\shared\\ui\\preloader\\ui.tsx": {"path":"E:\\IT курс\\Aston стажировка\\Лаборатория\\ageld\\react\\src\\shared\\ui\\preloader\\ui.tsx","statementMap":{"0":{"start":{"line":1,"column":0},"end":{"line":1,"column":23}},"1":{"start":{"line":4,"column":4},"end":{"line":8,"column":6}},"2":{"start":{"line":3,"column":0},"end":{"line":3,"column":16}}},"fnMap":{"0":{"name":"Preloader","decl":{"start":{"line":3,"column":16},"end":{"line":3,"column":25}},"loc":{"start":{"line":3,"column":25},"end":{"line":9,"column":1}}}},"branchMap":{},"s":{"0":3,"1":2,"2":3},"f":{"0":2},"b":{}}
,"E:\\IT курс\\Aston стажировка\\Лаборатория\\ageld\\react\\src\\shared\\ui\\radio\\index.ts": {"path":"E:\\IT курс\\Aston стажировка\\Лаборатория\\ageld\\react\\src\\shared\\ui\\radio\\index.ts","statementMap":{"0":{"start":{"line":1,"column":0},"end":{"line":1,"column":9}},"1":{"start":{"line":1,"column":9},"end":{"line":1,"column":29}}},"fnMap":{"0":{"name":"(anonymous_0)","decl":{"start":{"line":1,"column":9},"end":{"line":1,"column":14}},"loc":{"start":{"line":1,"column":9},"end":{"line":1,"column":29}}}},"branchMap":{},"s":{"0":2,"1":2},"f":{"0":0},"b":{}}
,"E:\\IT курс\\Aston стажировка\\Лаборатория\\ageld\\react\\src\\shared\\ui\\radio\\ui.tsx": {"path":"E:\\IT курс\\Aston стажировка\\Лаборатория\\ageld\\react\\src\\shared\\ui\\radio\\ui.tsx","statementMap":{"0":{"start":{"line":4,"column":0},"end":{"line":4,"column":23}},"1":{"start":{"line":12,"column":21},"end":{"line":23,"column":1}},"2":{"start":{"line":12,"column":49},"end":{"line":12,"column":54}},"3":{"start":{"line":12,"column":59},"end":{"line":12,"column":68}},"4":{"start":{"line":13,"column":4},"end":{"line":22,"column":6}},"5":{"start":{"line":12,"column":13},"end":{"line":12,"column":21}}},"fnMap":{"0":{"name":"(anonymous_1)","decl":{"start":{"line":12,"column":21},"end":{"line":12,"column":22}},"loc":{"start":{"line":12,"column":72},"end":{"line":23,"column":1}}}},"branchMap":{"0":{"loc":{"start":{"line":16,"column":21},"end":{"line":16,"column":57}},"type":"binary-expr","locations":[{"start":{"line":16,"column":21},"end":{"line":16,"column":29}},{"start":{"line":16,"column":33},"end":{"line":16,"column":38}},{"start":{"line":16,"column":42},"end":{"line":16,"column":57}}]}},"s":{"0":3,"1":3,"2":2,"3":2,"4":2,"5":3},"f":{"0":2},"b":{"0":[2,2,2]}}
,"E:\\IT курс\\Aston стажировка\\Лаборатория\\ageld\\react\\src\\shared\\ui\\select\\index.ts": {"path":"E:\\IT курс\\Aston стажировка\\Лаборатория\\ageld\\react\\src\\shared\\ui\\select\\index.ts","statementMap":{"0":{"start":{"line":1,"column":0},"end":{"line":1,"column":9}},"1":{"start":{"line":1,"column":9},"end":{"line":1,"column":30}}},"fnMap":{"0":{"name":"(anonymous_0)","decl":{"start":{"line":1,"column":9},"end":{"line":1,"column":15}},"loc":{"start":{"line":1,"column":9},"end":{"line":1,"column":30}}}},"branchMap":{},"s":{"0":2,"1":2},"f":{"0":0},"b":{}}
,"E:\\IT курс\\Aston стажировка\\Лаборатория\\ageld\\react\\src\\shared\\ui\\select\\ui.tsx": {"path":"E:\\IT курс\\Aston стажировка\\Лаборатория\\ageld\\react\\src\\shared\\ui\\select\\ui.tsx","statementMap":{"0":{"start":{"line":1,"column":0},"end":{"line":1,"column":39}},"1":{"start":{"line":2,"column":0},"end":{"line":2,"column":28}},"2":{"start":{"line":4,"column":0},"end":{"line":4,"column":37}},"3":{"start":{"line":9,"column":0},"end":{"line":9,"column":23}},"4":{"start":{"line":23,"column":13},"end":{"line":102,"column":2}},"5":{"start":{"line":34,"column":16},"end":{"line":34,"column":null}},"6":{"start":{"line":35,"column":16},"end":{"line":36,"column":12}},"7":{"start":{"line":37,"column":32},"end":{"line":37,"column":56}},"8":{"start":{"line":38,"column":34},"end":{"line":38,"column":64}},"9":{"start":{"line":40,"column":36},"end":{"line":42,"column":10}},"10":{"start":{"line":43,"column":8},"end":{"line":100,"column":10}},"11":{"start":{"line":49,"column":24},"end":{"line":51,"column":25}},"12":{"start":{"line":50,"column":28},"end":{"line":50,"column":43}},"13":{"start":{"line":79,"column":28},"end":{"line":79,"column":null}},"14":{"start":{"line":86,"column":48},"end":{"line":86,"column":72}},"15":{"start":{"line":90,"column":51},"end":{"line":90,"column":65}}},"fnMap":{"0":{"name":"(anonymous_1)","decl":{"start":{"line":24,"column":4},"end":{"line":24,"column":5}},"loc":{"start":{"line":36,"column":16},"end":{"line":101,"column":5}}},"1":{"name":"(anonymous_2)","decl":{"start":{"line":48,"column":29},"end":{"line":48,"column":32}},"loc":{"start":{"line":48,"column":34},"end":{"line":52,"column":21}}},"2":{"name":"(anonymous_3)","decl":{"start":{"line":78,"column":37},"end":{"line":78,"column":39}},"loc":{"start":{"line":79,"column":28},"end":{"line":79,"column":null}}},"3":{"name":"(anonymous_4)","decl":{"start":{"line":85,"column":54},"end":{"line":85,"column":55}},"loc":{"start":{"line":86,"column":48},"end":{"line":86,"column":72}}},"4":{"name":"(anonymous_5)","decl":{"start":{"line":90,"column":45},"end":{"line":90,"column":48}},"loc":{"start":{"line":90,"column":51},"end":{"line":90,"column":65}}}},"branchMap":{"0":{"loc":{"start":{"line":26,"column":8},"end":{"line":26,"column":27}},"type":"default-arg","locations":[{"start":{"line":26,"column":18},"end":{"line":26,"column":27}}]},"1":{"loc":{"start":{"line":28,"column":8},"end":{"line":28,"column":22}},"type":"default-arg","locations":[{"start":{"line":28,"column":16},"end":{"line":28,"column":22}}]},"2":{"loc":{"start":{"line":32,"column":8},"end":{"line":32,"column":25}},"type":"default-arg","locations":[{"start":{"line":32,"column":23},"end":{"line":32,"column":25}}]},"3":{"loc":{"start":{"line":33,"column":8},"end":{"line":33,"column":23}},"type":"default-arg","locations":[{"start":{"line":33,"column":16},"end":{"line":33,"column":23}}]},"4":{"loc":{"start":{"line":41,"column":19},"end":{"line":41,"column":35}},"type":"binary-expr","locations":[{"start":{"line":41,"column":19},"end":{"line":41,"column":24}},{"start":{"line":41,"column":28},"end":{"line":41,"column":35}}]},"5":{"loc":{"start":{"line":49,"column":24},"end":{"line":51,"column":25}},"type":"if","locations":[{"start":{"line":49,"column":24},"end":{"line":51,"column":25}}]},"6":{"loc":{"start":{"line":63,"column":25},"end":{"line":66,"column":null}},"type":"binary-expr","locations":[{"start":{"line":63,"column":25},"end":{"line":63,"column":30}},{"start":{"line":64,"column":28},"end":{"line":65,"column":null}}]},"7":{"loc":{"start":{"line":73,"column":17},"end":{"line":96,"column":null}},"type":"binary-expr","locations":[{"start":{"line":73,"column":17},"end":{"line":73,"column":21}},{"start":{"line":74,"column":20},"end":{"line":95,"column":null}}]},"8":{"loc":{"start":{"line":82,"column":41},"end":{"line":87,"column":42}},"type":"binary-expr","locations":[{"start":{"line":82,"column":41},"end":{"line":82,"column":49}},{"start":{"line":83,"column":40},"end":{"line":83,"column":45}},{"start":{"line":84,"column":40},"end":{"line":87,"column":42}}]},"9":{"loc":{"start":{"line":98,"column":17},"end":{"line":98,"column":70}},"type":"binary-expr","locations":[{"start":{"line":98,"column":17},"end":{"line":98,"column":22}},{"start":{"line":98,"column":26},"end":{"line":98,"column":70}}]}},"s":{"0":2,"1":2,"2":2,"3":2,"4":2,"5":8,"6":8,"7":8,"8":8,"9":8,"10":8,"11":3,"12":3,"13":6,"14":0,"15":1},"f":{"0":8,"1":3,"2":6,"3":0,"4":1},"b":{"0":[8],"1":[8],"2":[6],"3":[8],"4":[8,8],"5":[3],"6":[8,2],"7":[8,3],"8":[6,0,0],"9":[8,0]}}
,"E:\\IT курс\\Aston стажировка\\Лаборатория\\ageld\\react\\src\\shared\\ui\\slider-input\\index.ts": {"path":"E:\\IT курс\\Aston стажировка\\Лаборатория\\ageld\\react\\src\\shared\\ui\\slider-input\\index.ts","statementMap":{"0":{"start":{"line":1,"column":0},"end":{"line":1,"column":9}},"1":{"start":{"line":1,"column":9},"end":{"line":1,"column":35}}},"fnMap":{"0":{"name":"(anonymous_0)","decl":{"start":{"line":1,"column":9},"end":{"line":1,"column":20}},"loc":{"start":{"line":1,"column":9},"end":{"line":1,"column":35}}}},"branchMap":{},"s":{"0":2,"1":2},"f":{"0":0},"b":{}}
,"E:\\IT курс\\Aston стажировка\\Лаборатория\\ageld\\react\\src\\shared\\ui\\slider-input\\ui.tsx": {"path":"E:\\IT курс\\Aston стажировка\\Лаборатория\\ageld\\react\\src\\shared\\ui\\slider-input\\ui.tsx","statementMap":{"0":{"start":{"line":8,"column":0},"end":{"line":8,"column":23}},"1":{"start":{"line":22,"column":27},"end":{"line":88,"column":1}},"2":{"start":{"line":31,"column":15},"end":{"line":31,"column":null}},"3":{"start":{"line":32,"column":12},"end":{"line":33,"column":8}},"4":{"start":{"line":34,"column":25},"end":{"line":40,"column":5}},"5":{"start":{"line":35,"column":22},"end":{"line":35,"column":36}},"6":{"start":{"line":36,"column":8},"end":{"line":39,"column":9}},"7":{"start":{"line":37,"column":12},"end":{"line":37,"column":74}},"8":{"start":{"line":38,"column":12},"end":{"line":38,"column":49}},"9":{"start":{"line":42,"column":4},"end":{"line":87,"column":6}},"10":{"start":{"line":22,"column":13},"end":{"line":22,"column":27}}},"fnMap":{"0":{"name":"(anonymous_1)","decl":{"start":{"line":22,"column":27},"end":{"line":22,"column":28}},"loc":{"start":{"line":33,"column":12},"end":{"line":88,"column":1}}},"1":{"name":"(anonymous_2)","decl":{"start":{"line":34,"column":25},"end":{"line":34,"column":26}},"loc":{"start":{"line":34,"column":62},"end":{"line":40,"column":5}}}},"branchMap":{"0":{"loc":{"start":{"line":23,"column":4},"end":{"line":23,"column":23}},"type":"default-arg","locations":[{"start":{"line":23,"column":14},"end":{"line":23,"column":23}}]},"1":{"loc":{"start":{"line":36,"column":8},"end":{"line":39,"column":9}},"type":"if","locations":[{"start":{"line":36,"column":8},"end":{"line":39,"column":9}}]},"2":{"loc":{"start":{"line":36,"column":12},"end":{"line":36,"column":49}},"type":"binary-expr","locations":[{"start":{"line":36,"column":12},"end":{"line":36,"column":20}},{"start":{"line":36,"column":24},"end":{"line":36,"column":34}},{"start":{"line":36,"column":38},"end":{"line":36,"column":49}}]},"3":{"loc":{"start":{"line":49,"column":33},"end":{"line":55,"column":34}},"type":"binary-expr","locations":[{"start":{"line":49,"column":33},"end":{"line":49,"column":41}},{"start":{"line":50,"column":32},"end":{"line":50,"column":42}},{"start":{"line":51,"column":32},"end":{"line":55,"column":34}}]},"4":{"loc":{"start":{"line":66,"column":33},"end":{"line":72,"column":34}},"type":"binary-expr","locations":[{"start":{"line":66,"column":33},"end":{"line":66,"column":41}},{"start":{"line":67,"column":32},"end":{"line":67,"column":43}},{"start":{"line":68,"column":32},"end":{"line":72,"column":34}}]}},"s":{"0":3,"1":3,"2":2,"3":2,"4":2,"5":0,"6":0,"7":0,"8":0,"9":2,"10":3},"f":{"0":2,"1":0},"b":{"0":[0],"1":[0],"2":[0,0,0],"3":[2,2,2],"4":[2,2,2]}}
,"E:\\IT курс\\Aston стажировка\\Лаборатория\\ageld\\react\\src\\shared\\ui\\switcher\\index.ts": {"path":"E:\\IT курс\\Aston стажировка\\Лаборатория\\ageld\\react\\src\\shared\\ui\\switcher\\index.ts","statementMap":{"0":{"start":{"line":1,"column":0},"end":{"line":1,"column":9}},"1":{"start":{"line":1,"column":9},"end":{"line":1,"column":32}}},"fnMap":{"0":{"name":"(anonymous_0)","decl":{"start":{"line":1,"column":9},"end":{"line":1,"column":17}},"loc":{"start":{"line":1,"column":9},"end":{"line":1,"column":32}}}},"branchMap":{},"s":{"0":2,"1":2},"f":{"0":0},"b":{}}
,"E:\\IT курс\\Aston стажировка\\Лаборатория\\ageld\\react\\src\\shared\\ui\\switcher\\ui.tsx": {"path":"E:\\IT курс\\Aston стажировка\\Лаборатория\\ageld\\react\\src\\shared\\ui\\switcher\\ui.tsx","statementMap":{"0":{"start":{"line":4,"column":0},"end":{"line":4,"column":23}},"1":{"start":{"line":12,"column":24},"end":{"line":34,"column":1}},"2":{"start":{"line":17,"column":12},"end":{"line":17,"column":null}},"3":{"start":{"line":18,"column":12},"end":{"line":19,"column":8}},"4":{"start":{"line":20,"column":4},"end":{"line":33,"column":6}},"5":{"start":{"line":12,"column":13},"end":{"line":12,"column":24}}},"fnMap":{"0":{"name":"(anonymous_1)","decl":{"start":{"line":12,"column":24},"end":{"line":12,"column":25}},"loc":{"start":{"line":19,"column":12},"end":{"line":34,"column":1}}}},"branchMap":{"0":{"loc":{"start":{"line":24,"column":25},"end":{"line":24,"column":75}},"type":"binary-expr","locations":[{"start":{"line":24,"column":25},"end":{"line":24,"column":33}},{"start":{"line":24,"column":37},"end":{"line":24,"column":42}},{"start":{"line":24,"column":46},"end":{"line":24,"column":75}}]}},"s":{"0":3,"1":3,"2":2,"3":2,"4":2,"5":3},"f":{"0":2},"b":{"0":[2,2,2]}}
,"E:\\IT курс\\Aston стажировка\\Лаборатория\\ageld\\react\\src\\shared\\ui\\table\\index.ts": {"path":"E:\\IT курс\\Aston стажировка\\Лаборатория\\ageld\\react\\src\\shared\\ui\\table\\index.ts","statementMap":{"0":{"start":{"line":1,"column":0},"end":{"line":1,"column":9}},"1":{"start":{"line":1,"column":9},"end":{"line":1,"column":29}}},"fnMap":{"0":{"name":"(anonymous_0)","decl":{"start":{"line":1,"column":9},"end":{"line":1,"column":14}},"loc":{"start":{"line":1,"column":9},"end":{"line":1,"column":29}}}},"branchMap":{},"s":{"0":2,"1":2},"f":{"0":0},"b":{}}
,"E:\\IT курс\\Aston стажировка\\Лаборатория\\ageld\\react\\src\\shared\\ui\\table\\ui.tsx": {"path":"E:\\IT курс\\Aston стажировка\\Лаборатория\\ageld\\react\\src\\shared\\ui\\table\\ui.tsx","statementMap":{"0":{"start":{"line":1,"column":0},"end":{"line":1,"column":47}},"1":{"start":{"line":3,"column":0},"end":{"line":3,"column":22}},"2":{"start":{"line":13,"column":21},"end":{"line":37,"column":1}},"3":{"start":{"line":14,"column":18},"end":{"line":14,"column":34}},"4":{"start":{"line":15,"column":4},"end":{"line":36,"column":6}},"5":{"start":{"line":21,"column":28},"end":{"line":21,"column":42}},"6":{"start":{"line":27,"column":24},"end":{"line":27,"column":null}},"7":{"start":{"line":29,"column":32},"end":{"line":29,"column":46}},"8":{"start":{"line":13,"column":13},"end":{"line":13,"column":21}}},"fnMap":{"0":{"name":"(anonymous_0)","decl":{"start":{"line":13,"column":21},"end":{"line":13,"column":22}},"loc":{"start":{"line":13,"column":65},"end":{"line":37,"column":1}}},"1":{"name":"(anonymous_1)","decl":{"start":{"line":20,"column":37},"end":{"line":20,"column":39}},"loc":{"start":{"line":21,"column":28},"end":{"line":21,"column":42}}},"2":{"name":"(anonymous_2)","decl":{"start":{"line":26,"column":30},"end":{"line":26,"column":33}},"loc":{"start":{"line":27,"column":24},"end":{"line":27,"column":null}}},"3":{"name":"(anonymous_3)","decl":{"start":{"line":28,"column":41},"end":{"line":28,"column":43}},"loc":{"start":{"line":29,"column":32},"end":{"line":29,"column":46}}}},"branchMap":{},"s":{"0":2,"1":2,"2":2,"3":0,"4":0,"5":0,"6":0,"7":0,"8":2},"f":{"0":0,"1":0,"2":0,"3":0},"b":{}}
,"E:\\IT курс\\Aston стажировка\\Лаборатория\\ageld\\react\\src\\shared\\ui\\text\\index.ts": {"path":"E:\\IT курс\\Aston стажировка\\Лаборатория\\ageld\\react\\src\\shared\\ui\\text\\index.ts","statementMap":{"0":{"start":{"line":1,"column":0},"end":{"line":1,"column":9}},"1":{"start":{"line":1,"column":9},"end":{"line":1,"column":28}}},"fnMap":{"0":{"name":"(anonymous_0)","decl":{"start":{"line":1,"column":9},"end":{"line":1,"column":13}},"loc":{"start":{"line":1,"column":9},"end":{"line":1,"column":28}}}},"branchMap":{},"s":{"0":2,"1":2},"f":{"0":0},"b":{}}
,"E:\\IT курс\\Aston стажировка\\Лаборатория\\ageld\\react\\src\\shared\\ui\\text\\ui.tsx": {"path":"E:\\IT курс\\Aston стажировка\\Лаборатория\\ageld\\react\\src\\shared\\ui\\text\\ui.tsx","statementMap":{"0":{"start":{"line":1,"column":0},"end":{"line":1,"column":29}},"1":{"start":{"line":2,"column":0},"end":{"line":2,"column":28}},"2":{"start":{"line":6,"column":0},"end":{"line":6,"column":23}},"3":{"start":{"line":19,"column":13},"end":{"line":38,"column":2}},"4":{"start":{"line":30,"column":24},"end":{"line":30,"column":36}},"5":{"start":{"line":31,"column":26},"end":{"line":34,"column":10}},"6":{"start":{"line":36,"column":8},"end":{"line":36,"column":67}}},"fnMap":{"0":{"name":"(anonymous_0)","decl":{"start":{"line":20,"column":4},"end":{"line":20,"column":5}},"loc":{"start":{"line":29,"column":16},"end":{"line":37,"column":5}}}},"branchMap":{"0":{"loc":{"start":{"line":22,"column":8},"end":{"line":22,"column":18}},"type":"default-arg","locations":[{"start":{"line":22,"column":15},"end":{"line":22,"column":18}}]},"1":{"loc":{"start":{"line":23,"column":8},"end":{"line":23,"column":26}},"type":"default-arg","locations":[{"start":{"line":23,"column":17},"end":{"line":23,"column":26}}]},"2":{"loc":{"start":{"line":24,"column":8},"end":{"line":24,"column":22}},"type":"default-arg","locations":[{"start":{"line":24,"column":16},"end":{"line":24,"column":22}}]},"3":{"loc":{"start":{"line":30,"column":24},"end":{"line":30,"column":36}},"type":"binary-expr","locations":[{"start":{"line":30,"column":24},"end":{"line":30,"column":27}},{"start":{"line":30,"column":31},"end":{"line":30,"column":36}}]}},"s":{"0":3,"1":3,"2":3,"3":3,"4":2,"5":2,"6":2},"f":{"0":2},"b":{"0":[2],"1":[2],"2":[2],"3":[2,2]}}
,"E:\\IT курс\\Aston стажировка\\Лаборатория\\ageld\\react\\src\\shared\\ui\\toggle-list\\index.ts": {"path":"E:\\IT курс\\Aston стажировка\\Лаборатория\\ageld\\react\\src\\shared\\ui\\toggle-list\\index.ts","statementMap":{"0":{"start":{"line":1,"column":0},"end":{"line":1,"column":9}},"1":{"start":{"line":1,"column":9},"end":{"line":1,"column":34}}},"fnMap":{"0":{"name":"(anonymous_0)","decl":{"start":{"line":1,"column":9},"end":{"line":1,"column":19}},"loc":{"start":{"line":1,"column":9},"end":{"line":1,"column":34}}}},"branchMap":{},"s":{"0":2,"1":2},"f":{"0":0},"b":{}}
,"E:\\IT курс\\Aston стажировка\\Лаборатория\\ageld\\react\\src\\shared\\ui\\toggle-list\\ui.tsx": {"path":"E:\\IT курс\\Aston стажировка\\Лаборатория\\ageld\\react\\src\\shared\\ui\\toggle-list\\ui.tsx","statementMap":{"0":{"start":{"line":1,"column":0},"end":{"line":1,"column":55}},"1":{"start":{"line":2,"column":0},"end":{"line":2,"column":28}},"2":{"start":{"line":4,"column":0},"end":{"line":4,"column":37}},"3":{"start":{"line":6,"column":0},"end":{"line":6,"column":23}},"4":{"start":{"line":13,"column":13},"end":{"line":47,"column":3}},"5":{"start":{"line":14,"column":28},"end":{"line":14,"column":52}},"6":{"start":{"line":16,"column":24},"end":{"line":18,"column":6}},"7":{"start":{"line":20,"column":22},"end":{"line":22,"column":6}},"8":{"start":{"line":23,"column":4},"end":{"line":46,"column":6}},"9":{"start":{"line":28,"column":31},"end":{"line":28,"column":45}}},"fnMap":{"0":{"name":"(anonymous_0)","decl":{"start":{"line":13,"column":31},"end":{"line":13,"column":32}},"loc":{"start":{"line":13,"column":62},"end":{"line":47,"column":1}}},"1":{"name":"(anonymous_1)","decl":{"start":{"line":28,"column":25},"end":{"line":28,"column":28}},"loc":{"start":{"line":28,"column":31},"end":{"line":28,"column":45}}}},"branchMap":{"0":{"loc":{"start":{"line":37,"column":28},"end":{"line":39,"column":54}},"type":"cond-expr","locations":[{"start":{"line":38,"column":34},"end":{"line":38,"column":61}},{"start":{"line":39,"column":34},"end":{"line":39,"column":54}}]}},"s":{"0":2,"1":2,"2":2,"3":2,"4":2,"5":0,"6":0,"7":0,"8":0,"9":0},"f":{"0":0,"1":0},"b":{"0":[0,0]}}
}
