TN:
SF:src\entities\user\user-slice\index.ts
FN:17,(anonymous_0)
FN:20,(anonymous_1)
FNF:2
FNH:2
FNDA:1,(anonymous_0)
FNDA:1,(anonymous_1)
DA:1,1
DA:3,1
DA:9,1
DA:13,1
DA:18,1
DA:21,1
DA:26,1
DA:28,1
LF:8
LH:8
BRF:0
BRH:0
end_of_record
TN:
SF:src\pages\questions-answers\ui\index.tsx
FN:14,(anonymous_0)
FN:19,(anonymous_1)
FN:23,(anonymous_2)
FN:35,(anonymous_3)
FN:41,(anonymous_4)
FN:47,(anonymous_5)
FN:53,(anonymous_6)
FN:59,(anonymous_7)
FN:80,(anonymous_8)
FNF:9
FNH:6
FNDA:5,(anonymous_0)
FNDA:2,(anonymous_1)
FNDA:5,(anonymous_2)
FNDA:1,(anonymous_3)
FNDA:0,(anonymous_4)
FNDA:1,(anonymous_5)
FNDA:0,(anonymous_6)
FNDA:0,(anonymous_7)
FNDA:1,(anonymous_8)
DA:1,1
DA:2,1
DA:3,1
DA:4,1
DA:6,1
DA:7,1
DA:8,1
DA:9,1
DA:10,1
DA:12,1
DA:14,1
DA:15,5
DA:16,5
DA:17,5
DA:19,5
DA:20,2
DA:23,5
DA:24,5
DA:35,1
DA:41,0
DA:47,1
DA:53,0
DA:59,0
DA:80,1
DA:89,5
LF:25
LH:22
BRDA:34,0,0,4
BRDA:34,0,1,1
BRDA:40,1,0,0
BRDA:40,1,1,5
BRDA:46,2,0,1
BRDA:46,2,1,4
BRDA:52,3,0,0
BRDA:52,3,1,5
BRDA:58,4,0,0
BRDA:58,4,1,5
BRDA:65,5,0,5
BRDA:65,5,1,4
BRDA:66,6,0,5
BRDA:66,6,1,0
BRDA:67,7,0,5
BRDA:67,7,1,1
BRDA:68,8,0,5
BRDA:68,8,1,0
BRDA:69,9,0,5
BRDA:69,9,1,0
BRF:20
BRH:14
end_of_record
TN:
SF:src\shared\lib\format-date.ts
FN:1,(anonymous_0)
FN:7,(anonymous_1)
FN:19,(anonymous_2)
FN:24,(anonymous_3)
FN:32,(anonymous_4)
FN:47,(anonymous_5)
FNF:6
FNH:2
FNDA:1,(anonymous_0)
FNDA:0,(anonymous_1)
FNDA:3,(anonymous_2)
FNDA:0,(anonymous_3)
FNDA:0,(anonymous_4)
FNDA:0,(anonymous_5)
DA:1,1
DA:2,1
DA:3,1
DA:4,1
DA:7,1
DA:8,0
DA:9,0
DA:11,0
DA:16,0
DA:19,1
DA:20,3
DA:21,3
DA:24,1
DA:25,0
DA:26,0
DA:28,0
DA:32,1
DA:33,0
DA:34,0
DA:35,0
DA:36,0
DA:38,0
DA:39,0
DA:40,0
DA:41,0
DA:43,0
DA:47,1
DA:48,0
DA:49,0
DA:51,0
LF:30
LH:11
BRDA:16,0,0,0
BRDA:16,0,1,0
BRDA:25,1,0,0
BRDA:25,1,1,0
BRDA:25,2,0,0
BRDA:25,2,1,0
BRDA:35,3,0,0
BRDA:35,4,0,0
BRDA:35,4,1,0
BRDA:38,5,0,0
BRDA:38,5,1,0
BRDA:40,6,0,0
BRDA:40,6,1,0
BRDA:40,7,0,0
BRDA:40,7,1,0
BRDA:48,8,0,0
BRDA:48,8,1,0
BRF:17
BRH:0
end_of_record
TN:
SF:src\shared\lib\get-error-message.ts
FN:5,(anonymous_0)
FN:14,(anonymous_1)
FN:19,(anonymous_2)
FNF:3
FNH:2
FNDA:4,(anonymous_0)
FNDA:0,(anonymous_1)
FNDA:3,(anonymous_2)
DA:5,1
DA:8,4
DA:14,1
DA:17,0
DA:19,1
DA:26,3
LF:6
LH:5
BRDA:8,0,0,4
BRDA:8,0,1,3
BRDA:8,0,2,2
BRDA:8,0,3,1
BRDA:8,0,4,1
BRDA:8,0,5,2
BRDA:17,1,0,0
BRDA:17,1,1,0
BRDA:17,1,2,0
BRDA:26,2,0,3
BRDA:26,2,1,1
BRDA:26,2,2,2
BRF:12
BRH:9
end_of_record
TN:
SF:src\shared\lib\type-guards.ts
FN:1,isObj
FNF:1
FNH:1
FNDA:17,isObj
DA:1,1
DA:2,17
LF:2
LH:2
BRDA:2,0,0,17
BRDA:2,0,1,7
BRDA:2,0,2,5
BRF:3
BRH:3
end_of_record
TN:
SF:src\shared\model\user.ts
FN:13,(anonymous_0)
FNF:1
FNH:1
FNDA:1,(anonymous_0)
DA:13,1
DA:14,1
DA:15,1
DA:16,1
LF:4
LH:4
BRDA:13,0,0,1
BRDA:13,0,1,1
BRF:2
BRH:2
end_of_record
TN:
SF:src\shared\ui\index.ts
FNF:0
FNH:0
DA:1,2
DA:2,2
DA:3,2
DA:4,2
DA:5,2
DA:6,2
DA:7,2
DA:8,2
DA:9,2
DA:10,2
DA:11,2
DA:12,2
DA:13,2
DA:14,2
DA:15,2
DA:16,2
DA:17,2
DA:18,2
DA:19,2
DA:20,2
DA:21,2
LF:21
LH:21
BRF:0
BRH:0
end_of_record
TN:
SF:src\shared\ui\answerAndQuestion\ui.tsx
FN:11,(anonymous_0)
FN:14,(anonymous_1)
FN:15,(anonymous_2)
FNF:3
FNH:3
FNDA:7,(anonymous_0)
FNDA:3,(anonymous_1)
FNDA:3,(anonymous_2)
DA:1,1
DA:3,1
DA:4,1
DA:11,1
DA:12,7
DA:14,7
DA:15,3
DA:18,7
LF:8
LH:8
BRDA:25,0,0,2
BRDA:25,0,1,5
BRDA:29,1,0,7
BRDA:29,1,1,2
BRF:4
BRH:4
end_of_record
TN:
SF:src\shared\ui\aside-menu\index.ts
FN:1,(anonymous_0)
FNF:1
FNH:0
FNDA:0,(anonymous_0)
DA:1,2
LF:1
LH:1
BRF:0
BRH:0
end_of_record
TN:
SF:src\shared\ui\aside-menu\ui.tsx
FN:12,(anonymous_0)
FNF:1
FNH:1
FNDA:2,(anonymous_0)
DA:1,3
DA:5,3
DA:12,3
DA:13,2
DA:16,2
LF:5
LH:5
BRDA:18,0,0,2
BRDA:18,0,1,2
BRF:2
BRH:2
end_of_record
TN:
SF:src\shared\ui\button\index.ts
FN:1,(anonymous_0)
FNF:1
FNH:0
FNDA:0,(anonymous_0)
DA:1,2
LF:1
LH:1
BRF:0
BRH:0
end_of_record
TN:
SF:src\shared\ui\button\ui.tsx
FN:19,(anonymous_1)
FNF:1
FNH:1
FNDA:5,(anonymous_1)
DA:1,3
DA:3,3
DA:7,3
DA:18,3
DA:25,5
DA:26,5
DA:28,5
DA:32,5
LF:8
LH:8
BRDA:21,0,0,5
BRDA:22,1,0,4
BRDA:23,2,0,4
BRDA:24,3,0,5
BRDA:34,4,0,5
BRDA:34,4,1,5
BRF:6
BRH:6
end_of_record
TN:
SF:src\shared\ui\card\index.ts
FN:1,(anonymous_0)
FNF:1
FNH:0
FNDA:0,(anonymous_0)
DA:1,2
LF:1
LH:1
BRF:0
BRH:0
end_of_record
TN:
SF:src\shared\ui\card\ui.tsx
FN:18,(anonymous_0)
FNF:1
FNH:1
FNDA:2,(anonymous_0)
DA:1,3
DA:5,3
DA:18,3
DA:28,2
DA:38,2
LF:5
LH:5
BRDA:20,0,0,2
BRDA:21,1,0,2
BRDA:22,2,0,2
BRDA:23,3,0,2
BRF:4
BRH:4
end_of_record
TN:
SF:src\shared\ui\carousel\index.ts
FN:1,(anonymous_0)
FNF:1
FNH:0
FNDA:0,(anonymous_0)
DA:1,2
LF:1
LH:1
BRF:0
BRH:0
end_of_record
TN:
SF:src\shared\ui\carousel\lib.ts
FN:5,(anonymous_0)
FN:14,(anonymous_1)
FN:15,onPointerEnd
FN:35,onPointermove
FN:46,(anonymous_4)
FN:53,(anonymous_5)
FN:61,changeRotateByControl
FN:75,changeRotateByIndicator
FN:97,(anonymous_8)
FN:102,(anonymous_9)
FNF:10
FNH:4
FNDA:2,(anonymous_0)
FNDA:2,(anonymous_1)
FNDA:0,onPointerEnd
FNDA:0,onPointermove
FNDA:0,(anonymous_4)
FNDA:0,(anonymous_5)
FNDA:0,changeRotateByControl
FNDA:0,changeRotateByIndicator
FNDA:4,(anonymous_8)
FNDA:3,(anonymous_9)
DA:1,2
DA:5,2
DA:10,2
DA:11,2
DA:12,2
DA:14,2
DA:20,0
DA:22,0
DA:27,0
DA:28,0
DA:29,0
DA:30,0
DA:31,0
DA:36,0
DA:37,0
DA:38,0
DA:40,0
DA:41,0
DA:42,0
DA:43,0
DA:44,0
DA:46,0
DA:51,2
DA:52,0
DA:53,0
DA:54,0
DA:62,0
DA:64,0
DA:65,0
DA:66,0
DA:68,0
DA:72,0
DA:76,0
DA:78,0
DA:82,0
DA:83,0
DA:84,0
DA:86,0
DA:87,0
DA:90,2
DA:97,2
DA:98,4
DA:99,4
DA:100,4
DA:102,4
DA:103,3
DA:104,3
DA:105,3
DA:108,3
DA:109,3
DA:111,3
DA:115,3
DA:116,3
DA:121,4
LF:54
LH:22
BRDA:22,0,0,0
BRDA:22,0,1,0
BRDA:24,1,0,0
BRDA:24,1,1,0
BRDA:28,2,0,0
BRDA:29,3,0,0
BRDA:29,3,1,0
BRDA:30,4,0,0
BRDA:37,5,0,0
BRDA:37,6,0,0
BRDA:37,6,1,0
BRDA:42,7,0,0
BRDA:42,7,1,0
BRDA:43,8,0,0
BRDA:51,9,0,0
BRDA:64,10,0,0
BRDA:64,10,1,0
BRDA:65,11,0,0
BRDA:69,12,0,0
BRDA:69,12,1,0
BRDA:78,13,0,0
BRDA:78,13,1,0
BRDA:83,14,0,0
BRDA:103,15,0,3
BRDA:105,16,0,3
BRDA:105,16,1,1
BRDA:108,17,0,3
BRF:27
BRH:4
end_of_record
TN:
SF:src\shared\ui\carousel\ui\index.tsx
FN:16,(anonymous_0)
FNF:1
FNH:1
FNDA:2,(anonymous_0)
DA:1,2
DA:3,2
DA:5,2
DA:6,2
DA:10,2
DA:16,2
DA:17,2
DA:18,2
DA:19,2
LF:9
LH:9
BRF:0
BRH:0
end_of_record
TN:
SF:src\shared\ui\carousel\ui\control-group\index.ts
FN:1,(anonymous_0)
FNF:1
FNH:1
FNDA:2,(anonymous_0)
DA:1,4
LF:1
LH:1
BRF:0
BRH:0
end_of_record
TN:
SF:src\shared\ui\carousel\ui\control-group\ui.tsx
FN:14,(anonymous_0)
FNF:1
FNH:1
FNDA:2,(anonymous_0)
DA:1,2
DA:3,2
DA:4,2
DA:14,2
DA:16,2
DA:17,2
LF:6
LH:6
BRF:0
BRH:0
end_of_record
TN:
SF:src\shared\ui\carousel\ui\control-group\controls\index.ts
FN:1,(anonymous_0)
FNF:1
FNH:1
FNDA:2,(anonymous_0)
DA:1,4
LF:1
LH:1
BRF:0
BRH:0
end_of_record
TN:
SF:src\shared\ui\carousel\ui\control-group\controls\ui.tsx
FN:9,(anonymous_0)
FN:14,(anonymous_1)
FN:20,(anonymous_2)
FNF:3
FNH:1
FNDA:2,(anonymous_0)
FNDA:0,(anonymous_1)
FNDA:0,(anonymous_2)
DA:1,2
DA:3,2
DA:9,2
DA:10,2
DA:14,0
DA:20,0
LF:6
LH:4
BRF:0
BRH:0
end_of_record
TN:
SF:src\shared\ui\carousel\ui\control-group\indicators\index.ts
FN:1,(anonymous_0)
FNF:1
FNH:1
FNDA:2,(anonymous_0)
DA:1,4
LF:1
LH:1
BRF:0
BRH:0
end_of_record
TN:
SF:src\shared\ui\carousel\ui\control-group\indicators\ui.tsx
FN:13,(anonymous_0)
FN:18,(anonymous_1)
FN:24,(anonymous_2)
FN:28,(anonymous_3)
FNF:4
FNH:3
FNDA:2,(anonymous_0)
FNDA:10,(anonymous_1)
FNDA:10,(anonymous_2)
FNDA:0,(anonymous_3)
DA:1,2
DA:5,2
DA:13,2
DA:18,2
DA:19,10
DA:22,2
DA:25,10
DA:28,0
LF:8
LH:7
BRF:0
BRH:0
end_of_record
TN:
SF:src\shared\ui\carousel\ui\inner\index.ts
FN:1,(anonymous_0)
FNF:1
FNH:1
FNDA:2,(anonymous_0)
DA:1,4
LF:1
LH:1
BRF:0
BRH:0
end_of_record
TN:
SF:src\shared\ui\carousel\ui\inner\ui.tsx
FN:14,(anonymous_0)
FN:26,(anonymous_1)
FNF:2
FNH:2
FNDA:2,(anonymous_0)
FNDA:10,(anonymous_1)
DA:1,2
DA:5,2
DA:14,2
DA:20,2
DA:23,2
DA:27,10
LF:6
LH:6
BRF:0
BRH:0
end_of_record
TN:
SF:src\shared\ui\checkbox\index.ts
FN:1,(anonymous_0)
FNF:1
FNH:0
FNDA:0,(anonymous_0)
DA:1,2
LF:1
LH:1
BRF:0
BRH:0
end_of_record
TN:
SF:src\shared\ui\checkbox\ui.tsx
FN:16,(anonymous_1)
FNF:1
FNH:1
FNDA:2,(anonymous_1)
DA:4,3
DA:16,3
DA:17,2
LF:3
LH:3
BRDA:21,0,0,2
BRDA:21,0,1,2
BRDA:21,0,2,2
BRF:3
BRH:3
end_of_record
TN:
SF:src\shared\ui\columns\index.ts
FN:1,(anonymous_0)
FNF:1
FNH:0
FNDA:0,(anonymous_0)
DA:1,2
LF:1
LH:1
BRF:0
BRH:0
end_of_record
TN:
SF:src\shared\ui\columns\ui.tsx
FN:14,(anonymous_0)
FNF:1
FNH:1
FNDA:2,(anonymous_0)
DA:1,3
DA:5,3
DA:14,3
DA:15,2
DA:19,2
LF:5
LH:5
BRDA:14,0,0,2
BRF:1
BRH:1
end_of_record
TN:
SF:src\shared\ui\container\index.ts
FN:1,(anonymous_0)
FNF:1
FNH:0
FNDA:0,(anonymous_0)
DA:1,2
LF:1
LH:1
BRF:0
BRH:0
end_of_record
TN:
SF:src\shared\ui\container\ui.tsx
FN:12,(anonymous_0)
FNF:1
FNH:1
FNDA:2,(anonymous_0)
DA:1,3
DA:5,3
DA:12,3
DA:13,2
LF:4
LH:4
BRDA:12,0,0,2
BRF:1
BRH:1
end_of_record
TN:
SF:src\shared\ui\form\index.ts
FN:1,(anonymous_0)
FNF:1
FNH:0
FNDA:0,(anonymous_0)
DA:1,2
LF:1
LH:1
BRF:0
BRH:0
end_of_record
TN:
SF:src\shared\ui\form\ui.tsx
FN:12,(anonymous_1)
FNF:1
FNH:1
FNDA:3,(anonymous_1)
DA:1,3
DA:5,3
DA:12,3
LF:3
LH:3
BRDA:17,0,0,3
BRDA:17,0,1,1
BRF:2
BRH:2
end_of_record
TN:
SF:src\shared\ui\icon\index.ts
FN:1,(anonymous_0)
FN:1,(anonymous_1)
FNF:2
FNH:1
FNDA:19,(anonymous_0)
FNDA:0,(anonymous_1)
DA:1,24
DA:3,5
DA:4,5
LF:3
LH:3
BRF:0
BRH:0
end_of_record
TN:
SF:src\shared\ui\icon\model\index.ts
FNF:0
FNH:0
DA:1,5
LF:1
LH:1
BRF:0
BRH:0
end_of_record
TN:
SF:src\shared\ui\icon\model\types.ts
FNF:0
FNH:0
DA:1,5
DA:2,5
DA:3,5
DA:4,5
DA:5,5
DA:6,5
DA:7,5
DA:8,5
DA:9,5
DA:10,5
DA:11,5
DA:12,5
DA:13,5
DA:14,5
DA:16,5
DA:17,5
DA:18,5
DA:19,5
DA:21,5
DA:22,5
DA:23,5
DA:24,5
DA:25,5
DA:27,5
DA:28,5
DA:29,5
DA:30,5
DA:31,5
DA:32,5
DA:33,5
DA:35,5
DA:36,5
DA:38,5
DA:39,5
DA:41,5
DA:43,5
DA:44,5
DA:45,5
DA:46,5
DA:48,5
DA:49,5
DA:50,5
DA:52,5
DA:53,5
DA:55,5
DA:56,5
DA:57,5
DA:59,5
DA:60,5
DA:61,5
DA:62,5
DA:63,5
DA:65,5
DA:66,5
DA:67,5
DA:68,5
DA:69,5
DA:70,5
DA:72,5
DA:73,5
DA:74,5
DA:76,5
DA:77,5
DA:78,5
DA:79,5
DA:80,5
DA:82,5
DA:83,5
DA:85,5
DA:86,5
DA:87,5
DA:88,5
DA:89,5
DA:90,5
DA:91,5
DA:92,5
DA:93,5
DA:95,5
DA:96,5
DA:97,5
DA:98,5
DA:99,5
DA:100,5
DA:102,5
DA:113,5
LF:85
LH:85
BRF:0
BRH:0
end_of_record
TN:
SF:src\shared\ui\icon\ui\index.ts
FN:1,(anonymous_0)
FN:2,(anonymous_1)
FNF:2
FNH:1
FNDA:19,(anonymous_0)
FNDA:0,(anonymous_1)
DA:1,24
DA:2,5
LF:2
LH:2
BRF:0
BRH:0
end_of_record
TN:
SF:src\shared\ui\icon\ui\icon\index.ts
FN:1,(anonymous_0)
FNF:1
FNH:1
FNDA:19,(anonymous_0)
DA:1,24
LF:1
LH:1
BRF:0
BRH:0
end_of_record
TN:
SF:src\shared\ui\icon\ui\icon\ui.tsx
FN:17,(anonymous_0)
FNF:1
FNH:1
FNDA:17,(anonymous_0)
DA:1,5
DA:3,5
DA:16,5
DA:18,17
LF:4
LH:4
BRDA:20,0,0,17
BRDA:20,0,1,17
BRDA:20,0,2,2
BRDA:21,1,0,17
BRDA:21,1,1,17
BRDA:21,1,2,17
BRDA:23,2,0,2
BRDA:23,2,1,15
BRF:8
BRH:8
end_of_record
TN:
SF:src\shared\ui\icon\ui\image\index.ts
FN:1,(anonymous_0)
FNF:1
FNH:0
FNDA:0,(anonymous_0)
DA:1,5
LF:1
LH:1
BRF:0
BRH:0
end_of_record
TN:
SF:src\shared\ui\icon\ui\image\ui.tsx
FN:16,(anonymous_0)
FNF:1
FNH:1
FNDA:2,(anonymous_0)
DA:1,5
DA:3,5
DA:15,5
DA:25,2
LF:4
LH:4
BRDA:26,0,0,2
BRDA:26,0,1,2
BRDA:26,0,2,2
BRDA:27,1,0,0
BRDA:27,1,1,2
BRDA:27,2,0,2
BRDA:27,2,1,2
BRDA:28,3,0,0
BRDA:28,3,1,0
BRDA:30,4,0,0
BRDA:30,4,1,2
BRDA:30,5,0,2
BRDA:30,5,1,2
BRDA:31,6,0,0
BRDA:31,6,1,0
BRDA:35,7,0,2
BRDA:35,7,1,0
BRF:17
BRH:10
end_of_record
TN:
SF:src\shared\ui\input\index.ts
FN:1,(anonymous_0)
FNF:1
FNH:0
FNDA:0,(anonymous_0)
DA:1,2
LF:1
LH:1
BRF:0
BRH:0
end_of_record
TN:
SF:src\shared\ui\input\ui.tsx
FN:24,(anonymous_1)
FNF:1
FNH:1
FNDA:9,(anonymous_1)
DA:1,3
DA:2,3
DA:3,3
DA:8,3
DA:23,3
DA:40,9
DA:41,9
DA:43,9
DA:44,9
DA:47,9
DA:51,9
DA:56,9
LF:12
LH:12
BRDA:26,0,0,7
BRDA:27,1,0,9
BRDA:32,2,0,9
BRDA:35,3,0,9
BRDA:45,4,0,9
BRDA:45,4,1,7
BRDA:48,5,0,9
BRDA:48,5,1,7
BRDA:52,6,0,9
BRDA:52,6,1,2
BRDA:59,7,0,9
BRDA:59,7,1,2
BRDA:59,7,2,1
BRDA:62,8,0,0
BRDA:62,8,1,9
BRDA:71,9,0,0
BRDA:71,9,1,0
BRDA:72,10,0,0
BRDA:72,10,1,0
BRDA:84,11,0,9
BRDA:84,11,1,9
BRDA:85,12,0,9
BRDA:85,12,1,3
BRDA:91,13,0,9
BRDA:91,13,1,1
BRDA:93,14,0,9
BRDA:93,14,1,2
BRDA:93,14,2,1
BRF:28
BRH:23
end_of_record
TN:
SF:src\shared\ui\input-file\index.ts
FN:1,(anonymous_0)
FNF:1
FNH:0
FNDA:0,(anonymous_0)
DA:1,2
LF:1
LH:1
BRF:0
BRH:0
end_of_record
TN:
SF:src\shared\ui\input-file\ui.tsx
FN:25,(anonymous_1)
FN:57,(anonymous_2)
FN:66,(anonymous_3)
FN:77,(anonymous_4)
FNF:4
FNH:0
FNDA:0,(anonymous_1)
FNDA:0,(anonymous_2)
FNDA:0,(anonymous_3)
FNDA:0,(anonymous_4)
DA:1,2
DA:2,2
DA:3,2
DA:5,2
DA:11,2
DA:24,2
DA:33,0
DA:34,0
DA:36,0
DA:37,0
DA:39,0
DA:42,0
DA:45,0
DA:48,0
DA:52,0
DA:57,0
DA:67,0
DA:78,0
LF:18
LH:6
BRDA:28,0,0,0
BRDA:29,1,0,0
BRDA:32,2,0,0
BRDA:40,3,0,0
BRDA:40,3,1,0
BRDA:54,4,0,0
BRDA:54,4,1,0
BRDA:56,5,0,0
BRDA:56,5,1,0
BRDA:56,6,0,0
BRDA:56,6,1,0
BRDA:63,7,0,0
BRDA:63,7,1,0
BRDA:68,8,0,0
BRDA:68,8,1,0
BRDA:78,9,0,0
BRDA:78,9,1,0
BRDA:86,10,0,0
BRDA:86,10,1,0
BRDA:86,11,0,0
BRDA:86,11,1,0
BRDA:95,12,0,0
BRDA:95,12,1,0
BRDA:98,13,0,0
BRDA:98,13,1,0
BRDA:102,14,0,0
BRDA:102,14,1,0
BRF:27
BRH:0
end_of_record
TN:
SF:src\shared\ui\link\index.ts
FN:1,(anonymous_0)
FNF:1
FNH:0
FNDA:0,(anonymous_0)
DA:1,2
LF:1
LH:1
BRF:0
BRH:0
end_of_record
TN:
SF:src\shared\ui\link\ui.tsx
FN:16,(anonymous_1)
FNF:1
FNH:1
FNDA:2,(anonymous_1)
DA:1,3
DA:2,3
DA:4,3
DA:9,3
DA:16,3
DA:17,2
DA:18,2
LF:7
LH:7
BRF:0
BRH:0
end_of_record
TN:
SF:src\shared\ui\overlay\index.ts
FN:1,(anonymous_0)
FNF:1
FNH:0
FNDA:0,(anonymous_0)
DA:1,2
LF:1
LH:1
BRF:0
BRH:0
end_of_record
TN:
SF:src\shared\ui\overlay\ui.tsx
FN:12,(anonymous_0)
FNF:1
FNH:1
FNDA:4,(anonymous_0)
DA:1,3
DA:5,3
DA:12,3
DA:13,4
DA:16,4
DA:19,4
LF:6
LH:6
BRF:0
BRH:0
end_of_record
TN:
SF:src\shared\ui\preloader\index.ts
FN:1,(anonymous_0)
FNF:1
FNH:0
FNDA:0,(anonymous_0)
DA:1,2
LF:1
LH:1
BRF:0
BRH:0
end_of_record
TN:
SF:src\shared\ui\preloader\ui.tsx
FN:3,Preloader
FNF:1
FNH:1
FNDA:2,Preloader
DA:1,3
DA:3,3
DA:4,2
LF:3
LH:3
BRF:0
BRH:0
end_of_record
TN:
SF:src\shared\ui\radio\index.ts
FN:1,(anonymous_0)
FNF:1
FNH:0
FNDA:0,(anonymous_0)
DA:1,2
LF:1
LH:1
BRF:0
BRH:0
end_of_record
TN:
SF:src\shared\ui\radio\ui.tsx
FN:12,(anonymous_1)
FNF:1
FNH:1
FNDA:2,(anonymous_1)
DA:4,3
DA:12,3
DA:13,2
LF:3
LH:3
BRDA:16,0,0,2
BRDA:16,0,1,2
BRDA:16,0,2,2
BRF:3
BRH:3
end_of_record
TN:
SF:src\shared\ui\select\index.ts
FN:1,(anonymous_0)
FNF:1
FNH:0
FNDA:0,(anonymous_0)
DA:1,2
LF:1
LH:1
BRF:0
BRH:0
end_of_record
TN:
SF:src\shared\ui\select\ui.tsx
FN:24,(anonymous_1)
FN:48,(anonymous_2)
FN:78,(anonymous_3)
FN:85,(anonymous_4)
FN:90,(anonymous_5)
FNF:5
FNH:4
FNDA:8,(anonymous_1)
FNDA:3,(anonymous_2)
FNDA:6,(anonymous_3)
FNDA:0,(anonymous_4)
FNDA:1,(anonymous_5)
DA:1,2
DA:2,2
DA:4,2
DA:9,2
DA:23,2
DA:34,8
DA:35,8
DA:37,8
DA:38,8
DA:40,8
DA:43,8
DA:49,3
DA:50,3
DA:79,6
DA:86,0
DA:90,1
LF:16
LH:15
BRDA:26,0,0,8
BRDA:28,1,0,8
BRDA:32,2,0,6
BRDA:33,3,0,8
BRDA:41,4,0,8
BRDA:41,4,1,8
BRDA:49,5,0,3
BRDA:63,6,0,8
BRDA:63,6,1,2
BRDA:73,7,0,8
BRDA:73,7,1,3
BRDA:82,8,0,6
BRDA:82,8,1,0
BRDA:82,8,2,0
BRDA:98,9,0,8
BRDA:98,9,1,0
BRF:16
BRH:13
end_of_record
TN:
SF:src\shared\ui\slider-input\index.ts
FN:1,(anonymous_0)
FNF:1
FNH:0
FNDA:0,(anonymous_0)
DA:1,2
LF:1
LH:1
BRF:0
BRH:0
end_of_record
TN:
SF:src\shared\ui\slider-input\ui.tsx
FN:22,(anonymous_1)
FN:34,(anonymous_2)
FNF:2
FNH:1
FNDA:2,(anonymous_1)
FNDA:0,(anonymous_2)
DA:8,3
DA:22,3
DA:31,2
DA:32,2
DA:34,2
DA:35,0
DA:36,0
DA:37,0
DA:38,0
DA:42,2
LF:10
LH:6
BRDA:23,0,0,0
BRDA:36,1,0,0
BRDA:36,2,0,0
BRDA:36,2,1,0
BRDA:36,2,2,0
BRDA:49,3,0,2
BRDA:49,3,1,2
BRDA:49,3,2,2
BRDA:66,4,0,2
BRDA:66,4,1,2
BRDA:66,4,2,2
BRF:11
BRH:6
end_of_record
TN:
SF:src\shared\ui\switcher\index.ts
FN:1,(anonymous_0)
FNF:1
FNH:0
FNDA:0,(anonymous_0)
DA:1,2
LF:1
LH:1
BRF:0
BRH:0
end_of_record
TN:
SF:src\shared\ui\switcher\ui.tsx
FN:12,(anonymous_1)
FNF:1
FNH:1
FNDA:2,(anonymous_1)
DA:4,3
DA:12,3
DA:17,2
DA:18,2
DA:20,2
LF:5
LH:5
BRDA:24,0,0,2
BRDA:24,0,1,2
BRDA:24,0,2,2
BRF:3
BRH:3
end_of_record
TN:
SF:src\shared\ui\table\index.ts
FN:1,(anonymous_0)
FNF:1
FNH:0
FNDA:0,(anonymous_0)
DA:1,2
LF:1
LH:1
BRF:0
BRH:0
end_of_record
TN:
SF:src\shared\ui\table\ui.tsx
FN:13,(anonymous_0)
FN:20,(anonymous_1)
FN:26,(anonymous_2)
FN:28,(anonymous_3)
FNF:4
FNH:0
FNDA:0,(anonymous_0)
FNDA:0,(anonymous_1)
FNDA:0,(anonymous_2)
FNDA:0,(anonymous_3)
DA:1,2
DA:3,2
DA:13,2
DA:14,0
DA:15,0
DA:21,0
DA:27,0
DA:29,0
LF:8
LH:3
BRF:0
BRH:0
end_of_record
TN:
SF:src\shared\ui\text\index.ts
FN:1,(anonymous_0)
FNF:1
FNH:0
FNDA:0,(anonymous_0)
DA:1,2
LF:1
LH:1
BRF:0
BRH:0
end_of_record
TN:
SF:src\shared\ui\text\ui.tsx
FN:20,(anonymous_0)
FNF:1
FNH:1
FNDA:2,(anonymous_0)
DA:1,3
DA:2,3
DA:6,3
DA:19,3
DA:30,2
DA:31,2
DA:36,2
LF:7
LH:7
BRDA:22,0,0,2
BRDA:23,1,0,2
BRDA:24,2,0,2
BRDA:30,3,0,2
BRDA:30,3,1,2
BRF:5
BRH:5
end_of_record
TN:
SF:src\shared\ui\toggle-list\index.ts
FN:1,(anonymous_0)
FNF:1
FNH:0
FNDA:0,(anonymous_0)
DA:1,2
LF:1
LH:1
BRF:0
BRH:0
end_of_record
TN:
SF:src\shared\ui\toggle-list\ui.tsx
FN:13,(anonymous_0)
FN:28,(anonymous_1)
FNF:2
FNH:0
FNDA:0,(anonymous_0)
FNDA:0,(anonymous_1)
DA:1,2
DA:2,2
DA:4,2
DA:6,2
DA:13,2
DA:14,0
DA:16,0
DA:20,0
DA:23,0
DA:28,0
LF:10
LH:5
BRDA:37,0,0,0
BRDA:37,0,1,0
BRF:2
BRH:0
end_of_record
